Log file open, 07/07/17 17:09:19
LogInit:Display: Running engine for game: w2DGameMeme
LogPlatformFile: Not using cached read wrapper
LogInit:Display: RandInit(1285723365) SRandInit(1285723366).
LogTaskGraph: Started task graph with 5 named threads and 8 total threads with 1 sets of task threads.
LogStats: Stats thread started at 4.826701
LogInit: Using libcurl 7.47.1
LogInit:  - built for x86_64-pc-win32
LogInit:  - supports SSL with OpenSSL/1.0.2g
LogInit:  - supports HTTP deflate (compression) using libz 1.2.8
LogInit:  - other features:
LogInit:      CURL_VERSION_SSL
LogInit:      CURL_VERSION_LIBZ
LogInit:      CURL_VERSION_IPV6
LogInit:      CURL_VERSION_ASYNCHDNS
LogInit:      CURL_VERSION_LARGEFILE
LogInit:      CURL_VERSION_IDN
LogInit:  CurlRequestOptions (configurable via config and command line):
LogInit:  - bVerifyPeer = false  - Libcurl will NOT verify peer certificate
LogInit:  - bUseHttpProxy = false  - Libcurl will NOT use HTTP proxy
LogInit:  - bDontReuseConnections = false  - Libcurl will reuse connections
LogInit:  - CertBundlePath = nullptr  - Libcurl will use whatever was configured at build time.
LogInit: Build: ++UE4+Release-4.16-CL-3514769
LogInit: Engine Version: 4.16.2-3514769+++UE4+Release-4.16
LogInit: Compatible Engine Version: 4.16.0-3452394+++UE4+Release-4.16
LogInit: Net CL: 3452394
LogDevObjectVersion: Number of dev versions registered: 16
LogDevObjectVersion:   Dev-Blueprints (B0D832E4-1F89-4F0D-ACCF-7EB736FD4AA2): 9
LogDevObjectVersion:   Dev-Build (E1C64328-A22C-4D53-A36C-8E866417BD8C): 0
LogDevObjectVersion:   Dev-Core (375EC13C-06E4-48FB-B500-84F0262A717E): 2
LogDevObjectVersion:   Dev-Editor (E4B068ED-F494-42E9-A231-DA0B2E46BB41): 17
LogDevObjectVersion:   Dev-Framework (CFFC743F-43B0-4480-9391-14DF171D2073): 23
LogDevObjectVersion:   Dev-Mobile (B02B49B5-BB20-44E9-A304-32B752E40360): 0
LogDevObjectVersion:   Dev-Networking (A4E4105C-59A1-49B5-A7C5-40C4547EDFEE): 0
LogDevObjectVersion:   Dev-Online (39C831C9-5AE6-47DC-9A44-9C173E1C8E7C): 0
LogDevObjectVersion:   Dev-Physics (78F01B33-EBEA-4F98-B9B4-84EACCB95AA2): 0
LogDevObjectVersion:   Dev-Platform (6631380F-2D4D-43E0-8009-CF276956A95A): 0
LogDevObjectVersion:   Dev-Rendering (12F88B9F-8875-4AFC-A67C-D90C383ABD29): 15
LogDevObjectVersion:   Dev-Sequencer (7B5AE74C-D270-4C10-A958-57980B212A5A): 4
LogDevObjectVersion:   Dev-VR (D7296918-1DD6-4BDD-9DE2-64A83CC13884): 0
LogDevObjectVersion:   Dev-LoadTimes (C2A15278-BFE7-4AFE-6C17-90FF531DF755): 1
LogDevObjectVersion:   Private-Geometry (6EACA3D4-40EC-4CC1-B786-8BED09428FC5): 1
LogDevObjectVersion:   Dev-AnimPhys (29E575DD-E0A3-4627-9D10-D276232CDCEA): 3
LogInit: Compiled (64-bit): Jun 29 2017 02:03:24
LogInit: Compiled with Visual C++: 19.00.24215.01
LogInit: Build Configuration: Development
LogInit: Branch Name: ++UE4+Release-4.16
LogInit: Command line:  
LogInit: Base directory: C:/Program Files/Epic Games/UE_4.16/Engine/Binaries/Win64/
LogInit: Installed Engine Build: 1
LogInit: Presizing for max 8388607 objects, including 0 objects not considered by GC, pre-allocating 0 bytes for permanent pool.
LogInit: Object subsystem initialized
[2017.07.07-16.09.21:227][  0]LogInit: Selected Device Profile: [Windows]
[2017.07.07-16.09.21:227][  0]LogInit: Applying CVar settings loaded from the selected device profile: [Windows]
[2017.07.07-16.09.21:368][  0]LogInit: Computer: DESKTOP-PN7VHQT
[2017.07.07-16.09.21:368][  0]LogInit: User: NekoSupu
[2017.07.07-16.09.21:368][  0]LogInit: CPU Page size=4096, Cores=4
[2017.07.07-16.09.21:368][  0]LogInit: High frequency timer resolution =3.221721 MHz
[2017.07.07-16.09.21:375][  0]LogMemory: Memory total: Physical=7.9GB (8GB approx)
[2017.07.07-16.09.21:375][  0]LogMemory: Platform Memory Stats for Windows
[2017.07.07-16.09.21:375][  0]LogMemory: Process Physical Memory: 273.22 MB used, 273.22 MB peak
[2017.07.07-16.09.21:375][  0]LogMemory: Process Virtual Memory: 266.81 MB used, 266.81 MB peak
[2017.07.07-16.09.21:375][  0]LogMemory: Physical Memory: 3484.81 MB used,  4642.54 MB free, 8127.35 MB total
[2017.07.07-16.09.21:375][  0]LogMemory: Virtual Memory: 643.41 MB used,  4642.54 MB free, 134217728.00 MB total
[2017.07.07-16.09.22:868][  0]LogInit: Using OS detected language (en-GB).
[2017.07.07-16.09.22:868][  0]LogInit: Using OS detected locale (en-GB).
[2017.07.07-16.09.23:102][  0]LogTextLocalizationManager: No specific localization for 'en-GB' exists, so the 'en' localization will be used.
[2017.07.07-16.09.28:415][  0]LogD3D11RHI: D3D11 adapters:
[2017.07.07-16.09.29:059][  0]LogD3D11RHI:    0. 'NVIDIA GeForce GTX 660' (Feature Level 11_0)
[2017.07.07-16.09.29:059][  0]LogD3D11RHI:       2016/0/4063 MB DedicatedVideo/DedicatedSystem/SharedSystem, Outputs:2, VendorId:0x10de
[2017.07.07-16.09.29:060][  0]LogD3D11RHI:    1. 'Microsoft Basic Render Driver' (Feature Level 11_0)
[2017.07.07-16.09.29:060][  0]LogD3D11RHI:       0/0/4063 MB DedicatedVideo/DedicatedSystem/SharedSystem, Outputs:0, VendorId:0x1414
[2017.07.07-16.09.29:060][  0]LogD3D11RHI: Chosen D3D11 Adapter: 0
[2017.07.07-16.09.29:065][  0]LogD3D11RHI: Creating new Direct3DDevice
[2017.07.07-16.09.29:065][  0]LogD3D11RHI:     GPU DeviceId: 0x11c0 (for the marketing name, search the web for "GPU Device Id")
[2017.07.07-16.09.29:065][  0]LogWindows: EnumDisplayDevices:
[2017.07.07-16.09.29:065][  0]LogWindows:    0. 'NVIDIA GeForce GTX 660' (P:1 D:1)
[2017.07.07-16.09.29:065][  0]LogWindows:    1. 'NVIDIA GeForce GTX 660' (P:0 D:1)
[2017.07.07-16.09.29:065][  0]LogWindows:    2. 'NVIDIA GeForce GTX 660' (P:0 D:0)
[2017.07.07-16.09.29:066][  0]LogWindows:    3. 'NVIDIA GeForce GTX 660' (P:0 D:0)
[2017.07.07-16.09.29:066][  0]LogWindows: DebugString: FoundDriverCount:4 
[2017.07.07-16.09.29:066][  0]LogD3D11RHI:     Adapter Name: NVIDIA GeForce GTX 660
[2017.07.07-16.09.29:066][  0]LogD3D11RHI:   Driver Version: 382.53 (internal:22.21.13.8253, unified:382.53)
[2017.07.07-16.09.29:066][  0]LogD3D11RHI:      Driver Date: 6-7-2017
[2017.07.07-16.09.29:066][  0]LogRHI: Texture pool is 1361 MB (70% of 1945 MB)
[2017.07.07-16.09.29:604][  0]LogD3D11RHI: Async texture creation enabled
[2017.07.07-16.09.29:942][  0]LogD3D11RHI: GPU Timing Frequency: 1000.000000 (Debug: 2 1)
[2017.07.07-16.09.30:117][  0]LogShaderCompilers: Guid format shader working directory is -18 characters bigger than the processId version (../../../../../../Users/NekoSupu/Documents/UE4 Projects/w2DGameMeme/Intermediate/Shaders/WorkingDirectory/8444/).
[2017.07.07-16.09.30:117][  0]LogShaderCompilers: Cleaned the shader compiler working directory 'C:/Users/NekoSupu/AppData/Local/Temp/UnrealShaderWorkingDir/6E09D6D94FF6A8F23D7A80B560AF1D9B/'.
[2017.07.07-16.09.30:129][  0]LogShaderCompilers:Display: Using Local Shader Compiler.
[2017.07.07-16.09.38:091][  0]LogTemp:Display: Loaded TP AllDesktopTargetPlatform
[2017.07.07-16.09.38:150][  0]LogTemp:Display: Loaded TP MacClientTargetPlatform
[2017.07.07-16.09.38:204][  0]LogTemp:Display: Loaded TP MacNoEditorTargetPlatform
[2017.07.07-16.09.38:256][  0]LogTemp:Display: Loaded TP MacServerTargetPlatform
[2017.07.07-16.09.38:321][  0]LogTemp:Display: Loaded TP MacTargetPlatform
[2017.07.07-16.09.38:370][  0]LogTemp:Display: Loaded TP WindowsClientTargetPlatform
[2017.07.07-16.09.38:423][  0]LogTemp:Display: Loaded TP WindowsNoEditorTargetPlatform
[2017.07.07-16.09.38:476][  0]LogTemp:Display: Loaded TP WindowsServerTargetPlatform
[2017.07.07-16.09.38:561][  0]LogTemp:Display: Loaded TP WindowsTargetPlatform
[2017.07.07-16.09.38:712][  0]LogTemp:Display: Loaded TP AndroidTargetPlatform
[2017.07.07-16.09.38:806][  0]LogTemp:Display: Loaded TP Android_ASTCTargetPlatform
[2017.07.07-16.09.38:880][  0]LogTemp:Display: Loaded TP Android_ATCTargetPlatform
[2017.07.07-16.09.38:937][  0]LogTemp:Display: Loaded TP Android_DXTTargetPlatform
[2017.07.07-16.09.38:991][  0]LogTemp:Display: Loaded TP Android_ETC1TargetPlatform
[2017.07.07-16.09.39:049][  0]LogTemp:Display: Loaded TP Android_ETC2TargetPlatform
[2017.07.07-16.09.39:268][  0]LogTemp:Display: Loaded TP Android_MultiTargetPlatform
[2017.07.07-16.09.39:268][  0]LogTemp:Display: Loaded TP Android_PVRTCTargetPlatform
[2017.07.07-16.09.39:331][  0]LogTemp:Display: Loaded TP HTML5TargetPlatform
[2017.07.07-16.09.39:541][  0]LogTemp:Display: Loaded TP IOSTargetPlatform
[2017.07.07-16.09.39:641][  0]LogTemp:Display: Loaded TP TVOSTargetPlatform
[2017.07.07-16.09.39:798][  0]LogTemp:Display: Loaded TP LinuxClientTargetPlatform
[2017.07.07-16.09.39:884][  0]LogTemp:Display: Loaded TP LinuxNoEditorTargetPlatform
[2017.07.07-16.09.39:945][  0]LogTemp:Display: Loaded TP LinuxServerTargetPlatform
[2017.07.07-16.09.40:023][  0]LogTemp:Display: Loaded TP LinuxTargetPlatform
[2017.07.07-16.09.40:023][  0]LogTargetPlatformManager:Display: Building Assets For Windows
[2017.07.07-16.09.42:001][  0]LogDerivedDataCache:Display: Max Cache Size: 512 MB
[2017.07.07-16.09.42:801][  0]LogDerivedDataCache: Loaded boot cache 0.78s 90MB C:/Users/NekoSupu/AppData/Local/UnrealEngine/4.16/DerivedDataCache/Boot.ddc.
[2017.07.07-16.09.42:801][  0]LogDerivedDataCache:Display: Loaded Boot cache: C:/Users/NekoSupu/AppData/Local/UnrealEngine/4.16/DerivedDataCache/Boot.ddc
[2017.07.07-16.09.42:801][  0]LogDerivedDataCache: FDerivedDataBackendGraph:  Pak pak cache file ../../../../../../Users/NekoSupu/Documents/UE4 Projects/w2DGameMeme/DerivedDataCache/DDC.ddp not found, will not use a pak cache.
[2017.07.07-16.09.42:801][  0]LogDerivedDataCache: Unable to find inner node Pak for hierarchical cache Hierarchy.
[2017.07.07-16.09.42:801][  0]LogDerivedDataCache: FDerivedDataBackendGraph:  CompressedPak pak cache file ../../../../../../Users/NekoSupu/Documents/UE4 Projects/w2DGameMeme/DerivedDataCache/Compressed.ddp not found, will not use a pak cache.
[2017.07.07-16.09.42:801][  0]LogDerivedDataCache: Unable to find inner node CompressedPak for hierarchical cache Hierarchy.
[2017.07.07-16.09.42:967][  0]LogDerivedDataCache:Display: Pak cache opened for reading ../../../Engine/DerivedDataCache/Compressed.ddp.
[2017.07.07-16.09.42:998][  0]LogDerivedDataCache: Using Local data cache path C:/Users/NekoSupu/AppData/Local/UnrealEngine/Common/DerivedDataCache: Writable
[2017.07.07-16.09.43:093][  0]LogMaterial: Verifying Global Shaders for PCD3D_SM5
[2017.07.07-16.09.43:149][  0]LogSlate: Using Freetype 2.6.0
[2017.07.07-16.09.43:251][  0]LogSlate: SlateFontCache - WITH_FREETYPE: 1, WITH_HARFBUZZ: 1
[2017.07.07-16.09.43:251][  0]LogSlate: SlateFontCache - WITH_FREETYPE: 1, WITH_HARFBUZZ: 1
[2017.07.07-16.09.51:499][  0]LogInit: Selected Device Profile: [Windows]
[2017.07.07-16.09.52:713][  0]LogContentStreaming: Texture pool size is 0.00 MB
[2017.07.07-16.09.53:577][  0]LogMeshUtilities: Using QuadricMeshReduction for automatic static mesh reduction
[2017.07.07-16.09.53:691][  0]LogSimplygon: Simplygon DLL not present - disabling.
[2017.07.07-16.09.53:855][  0]LogMeshUtilities: Using SimplygonSwarm for distributed automatic mesh merging
[2017.07.07-16.09.53:855][  0]LogMeshUtilities: No automatic skeletal mesh reduction module available
[2017.07.07-16.09.53:855][  0]LogMeshUtilities: No automatic mesh merging module available
[2017.07.07-16.10.01:610][  0]LogNetVersion: w2DGameMeme , NetCL: 3452394, EngineNetVer: 2, GameNetVer: 0 (Checksum: 1740968487)
[2017.07.07-16.10.02:024][  0]LogAssetRegistry: FAssetRegistry took 0.0437 seconds to start up
[2017.07.07-16.10.02:331][  0]LogPackageLocalizationCache: Processed 4 localized package path(s) for 2 prioritized culture(s) in 0.203443 seconds
[2017.07.07-16.10.02:339][  0]LogUObjectArray: 34194 objects as part of root set at end of initial load.
[2017.07.07-16.10.02:339][  0]LogUObjectAllocator: 7260416 out of 0 bytes used by permanent object pool.
[2017.07.07-16.10.02:339][  0]LogUObjectArray: CloseDisregardForGC: 0/0 objects in disregard for GC pool
[2017.07.07-16.10.02:445][  0]LogInit: WinSock: version 1.1 (2.2), MaxSocks=32767, MaxUdp=65467
[2017.07.07-16.10.27:305][  0]LogLinker:Warning: Failed to read package file summary, the file "../../../../../../Users/NekoSupu/Documents/UE4 Projects/w2DGameMeme/Content/Art/Sprites/Ninjameme/NinjaMemers_Sprite_24.uasset" is too small (0 bytes, expected at least 32 bytes)
[2017.07.07-16.10.28:645][  0]LogTcpMessaging: Initializing TcpMessaging bridge
[2017.07.07-16.10.28:714][  0]LogUdpMessaging: Initializing bridge on interface 0.0.0.0:0 to multicast group 230.0.0.1:6666.
[2017.07.07-16.10.30:440][  0]LogMaterial: Uniform references updated for custom material expression Custom.
[2017.07.07-16.10.31:728][  0]SourceControl: Info Source control is disabled
[2017.07.07-16.10.31:753][  0]SourceControl: Info Source control is disabled
[2017.07.07-16.10.31:953][  0]SourceControl: Info Source control is disabled
[2017.07.07-16.10.32:122][  0]SourceControl: Info Source control is disabled
[2017.07.07-16.10.34:065][  0]LogAndroidPermission: UAndroidPermissionCallbackProxy::GetInstance
[2017.07.07-16.10.35:463][  0]LogEngine: Initializing Engine...
[2017.07.07-16.10.35:507][  0]LogHMD: Failed to initialize OpenVR with code 110
[2017.07.07-16.10.36:402][  0]LogStats: UGameplayTagsManager::ConstructGameplayTagTree: Construct from data asset -  0.000 s
[2017.07.07-16.10.36:403][  0]LogStats: UGameplayTagsManager::ConstructGameplayTagTree: GameplayTagTreeChangedEvent.Broadcast -  0.000 s
[2017.07.07-16.10.37:003][  0]LogAIModule: Creating AISystem for world Untitled
[2017.07.07-16.10.37:135][  0]LogInit: XAudio2 using 'Speakers (3- USB Audio Device)' : 2 channels at 44.1 kHz using 16 bits per sample (channel mask 0x3)
[2017.07.07-16.10.37:146][  0]LogInit: FAudioDevice initialized.
[2017.07.07-16.10.37:199][  0]LogDerivedDataCache: Saved boot cache 0.05s 90MB C:/Users/NekoSupu/AppData/Local/UnrealEngine/4.16/DerivedDataCache/Boot.ddc.
[2017.07.07-16.10.37:208][  0]LogInit: Texture streaming: Enabled
[2017.07.07-16.10.37:405][  0]LogEngineSessionManager: EngineSessionManager initialized
[2017.07.07-16.10.38:623][  0]LogInit: Transaction tracking system initialized
[2017.07.07-16.10.39:405][  0]BlueprintLog: New page: Editor Load
[2017.07.07-16.10.41:927][  0]LocalizationService: Info Localization service is disabled
[2017.07.07-16.10.43:512][  0]LogConsoleResponse:Display: 
[2017.07.07-16.10.46:217][  0]LogFileCache: Scanning file cache for directory 'C:/Users/NekoSupu/Documents/UE4 Projects/w2DGameMeme/Content/' took 0.04s
[2017.07.07-16.10.46:217][  0]LogCook:Display: Max memory allowance for cook 16384mb min free memory 0mb
[2017.07.07-16.10.46:217][  0]LogCook:Display: Mobile HDR setting 1
[2017.07.07-16.10.50:408][  0]SourceControl: Info Source control is disabled
[2017.07.07-16.10.50:498][  0]Cmd: MAP LOAD FILE="../../../../../../Users/NekoSupu/Documents/UE4 Projects/w2DGameMeme/Content/Map/Main.umap" TEMPLATE=0 SHOWPROGRESS=1 FEATURELEVEL=3
[2017.07.07-16.10.50:571][  0]LightingResults: New page: Lighting Build
[2017.07.07-16.10.50:704][  0]MapCheck: New page: Map Check
[2017.07.07-16.10.50:704][  0]LightingResults: New page: Lighting Build
[2017.07.07-16.10.53:596][  0]LogAIModule: Creating AISystem for world Main
[2017.07.07-16.10.54:001][  0]LogEditorServer: Finished looking for orphan Actors (0.000 secs)
[2017.07.07-16.10.54:082][  0]Cmd: MAP CHECKDEP NOCLEARLOG
[2017.07.07-16.10.54:158][  0]MapCheck: Info Map check complete: 0 Error(s), 0 Warning(s), took 75.609ms to complete.
[2017.07.07-16.10.54:158][  0]LogFileHelpers: Loading map 'Main' took 3.661
[2017.07.07-16.10.55:530][  0]LogCollectionManager: Loaded 0 collections in 0.002229 seconds
[2017.07.07-16.10.55:742][  0]LogFileCache: Scanning file cache for directory 'C:/Users/NekoSupu/Documents/UE4 Projects/w2DGameMeme/Saved/Collections/' took 0.01s
[2017.07.07-16.10.55:742][  0]LogFileCache: Scanning file cache for directory 'C:/Users/NekoSupu/Documents/UE4 Projects/w2DGameMeme/Content/Developers/NekoSupu/Collections/' took 0.01s
[2017.07.07-16.10.55:742][  0]LogFileCache: Scanning file cache for directory 'C:/Users/NekoSupu/Documents/UE4 Projects/w2DGameMeme/Content/Collections/' took 0.01s
[2017.07.07-16.10.55:742][  0]LogCollectionManager: Rebuilt the GUID cache for 0 collections in 0.000002 seconds
[2017.07.07-16.10.55:756][  0]LogContentBrowser: Native class hierarchy populated in 0.0123 seconds. Added 2329 classes and 491 folders.
[2017.07.07-16.10.55:952][  0]LogContentBrowser: Native class hierarchy updated for 'WidgetCarousel' in 0.0005 seconds. Added 0 classes and 0 folders.
[2017.07.07-16.10.57:253][  0]LogContentBrowser: Native class hierarchy updated for 'AddContentDialog' in 0.0011 seconds. Added 0 classes and 0 folders.
[2017.07.07-16.10.57:510][  0]LogContentBrowser: Native class hierarchy updated for 'SceneOutliner' in 0.0009 seconds. Added 1 classes and 2 folders.
[2017.07.07-16.10.58:073][  0]LogCrashTracker: Crashtracker disabled due to settings.
[2017.07.07-16.10.58:172][  0]LogSlate: Took 0.013722 seconds to synchronously load lazily loaded font '../../../Engine/Content/Slate/Fonts/Roboto-Regular.ttf' (155K)
[2017.07.07-16.10.58:193][  0]LogSlate: Took 0.019522 seconds to synchronously load lazily loaded font '../../../Engine/Content/Slate/Fonts/Roboto-Bold.ttf' (160K)
[2017.07.07-16.10.58:232][  0]LogSlate: Took 0.010596 seconds to synchronously load lazily loaded font '../../../Engine/Content/Editor/Slate/Fonts/FontAwesome.ttf' (139K)
[2017.07.07-16.10.58:706][  0]LogRenderer: Reallocating scene render targets to support 1208x576 NumSamples 1 (Frame:1).
[2017.07.07-16.10.59:394][  0]LogUObjectGlobals:Warning: Failed to find object 'Class None.'
[2017.07.07-16.10.59:535][  0]LogContentBrowser: Native class hierarchy updated for 'HierarchicalLODOutliner' in 0.0006 seconds. Added 1 classes and 2 folders.
[2017.07.07-16.10.59:535][  0]LogLoad: (Engine Initialization) Total time: 117.47 seconds
[2017.07.07-16.10.59:535][  0]LogLoad: (Engine Initialization) Total Blueprint compile time: 1.04 seconds
[2017.07.07-16.10.59:535][  0]LogExternalProfiler: No external profilers were discovered.  External profiling features will not be available.
[2017.07.07-16.10.59:899][  0]LogOcInput: OculusInput pre-init called
[2017.07.07-16.10.59:899][  0]LogHMD: Starting GearVRController plugin
[2017.07.07-16.10.59:964][  0]LogContentStreaming: Texture pool size now 1000 MB
[2017.07.07-16.11.00:167][  0]LogSlate: Took 0.012004 seconds to synchronously load lazily loaded font '../../../Engine/Content/Slate/Fonts/Roboto-Light.ttf' (159K)
[2017.07.07-16.11.00:575][  2]LogAssetRegistry: Asset discovery search completed in 58.5725 seconds
[2017.07.07-16.11.00:576][  2]LogCollectionManager: Rebuilt the object cache for 0 collections in 0.000000 seconds (found 0 objects)
[2017.07.07-16.11.00:576][  2]LogCollectionManager: Fixed up redirectors for 0 collections in 0.000026 seconds (updated 0 objects)
[2017.07.07-16.11.00:908][  3]LogSlate: Took 0.000255 seconds to synchronously load lazily loaded font '../../../Engine/Content/Slate/Fonts/Roboto-Light.ttf' (159K)
[2017.07.07-16.11.03:639][ 11]LogSlate: Took 0.000195 seconds to synchronously load lazily loaded font '../../../Engine/Content/Slate/Fonts/Roboto-Light.ttf' (159K)
[2017.07.07-16.11.04:599][ 11]LogContentBrowser: Native class hierarchy updated for 'BlueprintGraph' in 0.0010 seconds. Added 112 classes and 0 folders.
[2017.07.07-16.11.06:083][ 11]LogSlate: Took 0.016944 seconds to synchronously load lazily loaded font '../../../Engine/Content/Editor/Slate/Fonts/Roboto-BoldCondensed.ttf' (158K)
[2017.07.07-16.11.06:800][ 12]LogSlate: Took 0.013044 seconds to synchronously load lazily loaded font '../../../Engine/Content/Editor/Slate/Fonts/Roboto-Italic.ttf' (157K)
[2017.07.07-16.11.13:813][730]LogEditorViewport: Clicking on Actor (LMB): bp_Enemy_C (fEnemyRunning)
[2017.07.07-16.11.35:063][106]LogRenderer: Reallocating scene render targets to support 1216x712 NumSamples 1 (Frame:1).
[2017.07.07-16.11.53:495][287]BlueprintLog: New page: Compile bpFollowCamera
[2017.07.07-16.11.54:403][344]Cmd: OBJ SAVEPACKAGE PACKAGE="/Game/Blueprint/Player/bpFollowCamera" FILE="../../../../../../Users/NekoSupu/Documents/UE4 Projects/w2DGameMeme/Content/Blueprint/Player/bpFollowCamera.uasset" SILENT=true
[2017.07.07-16.11.54:692][344]LogSavePackage: Save=54.03ms
[2017.07.07-16.11.54:692][344]LogSavePackage: Moving '../../../../../../Users/NekoSupu/Documents/UE4 Projects/w2DGameMeme/Saved/bpFollowCamera2DCF25B94271B14F8C4558823195A172.tmp' to '../../../../../../Users/NekoSupu/Documents/UE4 Projects/w2DGameMeme/Content/Blueprint/Player/bpFollowCamera.uasset'
[2017.07.07-16.11.54:704][344]LogSavePackage:Display: Finished SavePackage ../../../../../../Users/NekoSupu/Documents/UE4 Projects/w2DGameMeme/Content/Blueprint/Player/bpFollowCamera.uasset
[2017.07.07-16.11.55:052][385]LogTemp: Repeting last play command: Selected Viewport
[2017.07.07-16.11.55:090][385]LogLinker:Warning: Failed to read package file summary, the file "../../../../../../Users/NekoSupu/Documents/UE4 Projects/w2DGameMeme/Content/Art/Sprites/Ninjameme/NinjaMemers_Sprite_24.uasset" is too small (0 bytes, expected at least 32 bytes)
[2017.07.07-16.11.55:110][385]LogPlayLevel: PlayLevel: No blueprints needed recompiling
[2017.07.07-16.11.55:127][385]PIE: New page: PIE session: Main (7 Jul 2017 18:11:55)
[2017.07.07-16.11.55:127][385]LogPlayLevel: Creating play world package: /Game/Map/UEDPIE_0_Main
[2017.07.07-16.11.55:173][385]LogPlayLevel: PIE: StaticDuplicateObject took: (0.046085s)
[2017.07.07-16.11.55:174][385]LogAIModule: Creating AISystem for world Main
[2017.07.07-16.11.55:174][385]LogPlayLevel: PIE: World Init took: (0.001288s)
[2017.07.07-16.11.55:175][385]LogPlayLevel: PIE: Created PIE world by copying editor world from /Game/Map/Main.Main to /Game/Map/UEDPIE_0_Main.Main (0.047735s)
[2017.07.07-16.11.55:216][385]LogInit: XAudio2 using 'Speakers (3- USB Audio Device)' : 2 channels at 44.1 kHz using 16 bits per sample (channel mask 0x3)
[2017.07.07-16.11.55:223][385]LogInit: FAudioDevice initialized.
[2017.07.07-16.11.55:312][385]LogLoad: Game class is 'GameControllerBP_C'
[2017.07.07-16.11.55:335][385]LogWorld: Bringing World /Game/Map/UEDPIE_0_Main.Main up for play (max tick rate 0) at 2017.07.07-17.11.55
[2017.07.07-16.11.55:341][385]LogWorld: Bringing up level for play took: 0.010740
[2017.07.07-16.11.55:513][385]LogContentBrowser: Native class hierarchy updated for 'MovieSceneCapture' in 0.0011 seconds. Added 11 classes and 0 folders.
[2017.07.07-16.11.55:596][385]PIE: Info Play in editor start time for /Game/Map/UEDPIE_0_Main 0.476
[2017.07.07-16.11.55:725][385]LogRenderer: Reallocating scene render targets to support 1292x756 NumSamples 1 (Frame:1).
[2017.07.07-16.12.21:837][420]BlueprintLog: New page: Compile bpFollowCamera
[2017.07.07-16.12.22:635][497]LogTemp: Repeting last play command: Selected Viewport
[2017.07.07-16.12.22:654][497]LogPlayLevel: PlayLevel: No blueprints needed recompiling
[2017.07.07-16.12.22:654][497]PIE: New page: PIE session: Main (7 Jul 2017 18:12:22)
[2017.07.07-16.12.22:654][497]LogPlayLevel: Creating play world package: /Game/Map/UEDPIE_0_Main
[2017.07.07-16.12.22:659][497]LogPlayLevel: PIE: StaticDuplicateObject took: (0.005161s)
[2017.07.07-16.12.22:660][497]LogAIModule: Creating AISystem for world Main
[2017.07.07-16.12.22:660][497]LogPlayLevel: PIE: World Init took: (0.000693s)
[2017.07.07-16.12.22:660][497]LogPlayLevel: PIE: Created PIE world by copying editor world from /Game/Map/Main.Main to /Game/Map/UEDPIE_0_Main.Main (0.006087s)
[2017.07.07-16.12.22:685][497]LogInit: XAudio2 using 'Speakers (3- USB Audio Device)' : 2 channels at 44.1 kHz using 16 bits per sample (channel mask 0x3)
[2017.07.07-16.12.22:692][497]LogInit: FAudioDevice initialized.
[2017.07.07-16.12.22:744][497]LogLoad: Game class is 'GameControllerBP_C'
[2017.07.07-16.12.22:749][497]LogWorld: Bringing World /Game/Map/UEDPIE_0_Main.Main up for play (max tick rate 0) at 2017.07.07-17.12.22
[2017.07.07-16.12.22:750][497]LogWorld: Bringing up level for play took: 0.004701
[2017.07.07-16.12.22:753][497]PIE: Info Play in editor start time for /Game/Map/UEDPIE_0_Main -0.367
[2017.07.07-16.12.27:961][100]LogTemp: Repeting last play command: Selected Viewport
[2017.07.07-16.12.27:980][100]BlueprintLog: New page: Pre-Play auto-recompile
[2017.07.07-16.12.27:980][100]LogPlayLevel: [PlayLevel] Compiling bpFollowCamera before play...
[2017.07.07-16.12.28:076][100]LogPlayLevel: PlayLevel: Blueprint regeneration took 95 ms (1 blueprints)
[2017.07.07-16.12.28:076][100]PIE: New page: PIE session: Main (7 Jul 2017 18:12:28)
[2017.07.07-16.12.28:076][100]LogPlayLevel: Creating play world package: /Game/Map/UEDPIE_0_Main
[2017.07.07-16.12.28:080][100]LogPlayLevel: PIE: StaticDuplicateObject took: (0.004016s)
[2017.07.07-16.12.28:080][100]LogAIModule: Creating AISystem for world Main
[2017.07.07-16.12.28:080][100]LogPlayLevel: PIE: World Init took: (0.000536s)
[2017.07.07-16.12.28:081][100]LogPlayLevel: PIE: Created PIE world by copying editor world from /Game/Map/Main.Main to /Game/Map/UEDPIE_0_Main.Main (0.004788s)
[2017.07.07-16.12.28:106][100]LogInit: XAudio2 using 'Speakers (3- USB Audio Device)' : 2 channels at 44.1 kHz using 16 bits per sample (channel mask 0x3)
[2017.07.07-16.12.28:111][100]LogInit: FAudioDevice initialized.
[2017.07.07-16.12.28:162][100]LogLoad: Game class is 'GameControllerBP_C'
[2017.07.07-16.12.28:167][100]LogWorld: Bringing World /Game/Map/UEDPIE_0_Main.Main up for play (max tick rate 0) at 2017.07.07-17.12.28
[2017.07.07-16.12.28:168][100]LogWorld: Bringing up level for play took: 0.004766
[2017.07.07-16.12.28:172][100]PIE: Info Play in editor start time for /Game/Map/UEDPIE_0_Main 1.052
[2017.07.07-16.12.35:997][977]BlueprintLog: New page: Compile bpFollowCamera
[2017.07.07-16.12.36:870][ 64]LogTemp: Repeting last play command: Selected Viewport
[2017.07.07-16.12.36:888][ 64]LogPlayLevel: PlayLevel: No blueprints needed recompiling
[2017.07.07-16.12.36:889][ 64]PIE: New page: PIE session: Main (7 Jul 2017 18:12:36)
[2017.07.07-16.12.36:889][ 64]LogPlayLevel: Creating play world package: /Game/Map/UEDPIE_0_Main
[2017.07.07-16.12.36:893][ 64]LogPlayLevel: PIE: StaticDuplicateObject took: (0.004623s)
[2017.07.07-16.12.36:894][ 64]LogAIModule: Creating AISystem for world Main
[2017.07.07-16.12.36:894][ 64]LogPlayLevel: PIE: World Init took: (0.000567s)
[2017.07.07-16.12.36:894][ 64]LogPlayLevel: PIE: Created PIE world by copying editor world from /Game/Map/Main.Main to /Game/Map/UEDPIE_0_Main.Main (0.005374s)
[2017.07.07-16.12.36:923][ 64]LogInit: XAudio2 using 'Speakers (3- USB Audio Device)' : 2 channels at 44.1 kHz using 16 bits per sample (channel mask 0x3)
[2017.07.07-16.12.36:930][ 64]LogInit: FAudioDevice initialized.
[2017.07.07-16.12.36:980][ 64]LogLoad: Game class is 'GameControllerBP_C'
[2017.07.07-16.12.36:985][ 64]LogWorld: Bringing World /Game/Map/UEDPIE_0_Main.Main up for play (max tick rate 0) at 2017.07.07-17.12.36
[2017.07.07-16.12.36:986][ 64]LogWorld: Bringing up level for play took: 0.004742
[2017.07.07-16.12.36:989][ 64]PIE: Info Play in editor start time for /Game/Map/UEDPIE_0_Main -0.131
[2017.07.07-16.13.03:911][ 14]BlueprintLog: New page: Compile bpFollowCamera
[2017.07.07-16.13.04:783][101]LogTemp: Repeting last play command: Selected Viewport
[2017.07.07-16.13.04:806][101]LogPlayLevel: PlayLevel: No blueprints needed recompiling
[2017.07.07-16.13.04:806][101]PIE: New page: PIE session: Main (7 Jul 2017 18:13:04)
[2017.07.07-16.13.04:806][101]LogPlayLevel: Creating play world package: /Game/Map/UEDPIE_0_Main
[2017.07.07-16.13.04:810][101]LogPlayLevel: PIE: StaticDuplicateObject took: (0.004476s)
[2017.07.07-16.13.04:811][101]LogAIModule: Creating AISystem for world Main
[2017.07.07-16.13.04:811][101]LogPlayLevel: PIE: World Init took: (0.000617s)
[2017.07.07-16.13.04:811][101]LogPlayLevel: PIE: Created PIE world by copying editor world from /Game/Map/Main.Main to /Game/Map/UEDPIE_0_Main.Main (0.005319s)
[2017.07.07-16.13.04:839][101]LogInit: XAudio2 using 'Speakers (3- USB Audio Device)' : 2 channels at 44.1 kHz using 16 bits per sample (channel mask 0x3)
[2017.07.07-16.13.04:846][101]LogInit: FAudioDevice initialized.
[2017.07.07-16.13.04:896][101]LogLoad: Game class is 'GameControllerBP_C'
[2017.07.07-16.13.04:901][101]LogWorld: Bringing World /Game/Map/UEDPIE_0_Main.Main up for play (max tick rate 0) at 2017.07.07-17.13.04
[2017.07.07-16.13.04:902][101]LogWorld: Bringing up level for play took: 0.004739
[2017.07.07-16.13.04:905][101]PIE: Info Play in editor start time for /Game/Map/UEDPIE_0_Main -0.214
[2017.07.07-16.13.07:746][421]LogTemp: Repeting last play command: Selected Viewport
[2017.07.07-16.13.07:765][421]LogPlayLevel: PlayLevel: No blueprints needed recompiling
[2017.07.07-16.13.07:765][421]PIE: New page: PIE session: Main (7 Jul 2017 18:13:07)
[2017.07.07-16.13.07:765][421]LogPlayLevel: Creating play world package: /Game/Map/UEDPIE_0_Main
[2017.07.07-16.13.07:770][421]LogPlayLevel: PIE: StaticDuplicateObject took: (0.005169s)
[2017.07.07-16.13.07:770][421]LogAIModule: Creating AISystem for world Main
[2017.07.07-16.13.07:771][421]LogPlayLevel: PIE: World Init took: (0.000561s)
[2017.07.07-16.13.07:771][421]LogPlayLevel: PIE: Created PIE world by copying editor world from /Game/Map/Main.Main to /Game/Map/UEDPIE_0_Main.Main (0.005960s)
[2017.07.07-16.13.07:799][421]LogInit: XAudio2 using 'Speakers (3- USB Audio Device)' : 2 channels at 44.1 kHz using 16 bits per sample (channel mask 0x3)
[2017.07.07-16.13.07:805][421]LogInit: FAudioDevice initialized.
[2017.07.07-16.13.07:856][421]LogLoad: Game class is 'GameControllerBP_C'
[2017.07.07-16.13.07:861][421]LogWorld: Bringing World /Game/Map/UEDPIE_0_Main.Main up for play (max tick rate 0) at 2017.07.07-17.13.07
[2017.07.07-16.13.07:862][421]LogWorld: Bringing up level for play took: 0.004898
[2017.07.07-16.13.07:866][421]PIE: Info Play in editor start time for /Game/Map/UEDPIE_0_Main 0.746
[2017.07.07-16.13.41:761][756]BlueprintLog: New page: Compile bpFollowCamera
[2017.07.07-16.13.42:617][839]LogTemp: Repeting last play command: Selected Viewport
[2017.07.07-16.13.42:636][839]LogPlayLevel: PlayLevel: No blueprints needed recompiling
[2017.07.07-16.13.42:637][839]PIE: New page: PIE session: Main (7 Jul 2017 18:13:42)
[2017.07.07-16.13.42:637][839]LogPlayLevel: Creating play world package: /Game/Map/UEDPIE_0_Main
[2017.07.07-16.13.42:641][839]LogPlayLevel: PIE: StaticDuplicateObject took: (0.004635s)
[2017.07.07-16.13.42:642][839]LogAIModule: Creating AISystem for world Main
[2017.07.07-16.13.42:642][839]LogPlayLevel: PIE: World Init took: (0.000810s)
[2017.07.07-16.13.42:642][839]LogPlayLevel: PIE: Created PIE world by copying editor world from /Game/Map/Main.Main to /Game/Map/UEDPIE_0_Main.Main (0.005670s)
[2017.07.07-16.13.42:672][839]LogInit: XAudio2 using 'Speakers (3- USB Audio Device)' : 2 channels at 44.1 kHz using 16 bits per sample (channel mask 0x3)
[2017.07.07-16.13.42:679][839]LogInit: FAudioDevice initialized.
[2017.07.07-16.13.42:738][839]LogLoad: Game class is 'GameControllerBP_C'
[2017.07.07-16.13.42:748][839]LogWorld: Bringing World /Game/Map/UEDPIE_0_Main.Main up for play (max tick rate 0) at 2017.07.07-17.13.42
[2017.07.07-16.13.42:750][839]LogWorld: Bringing up level for play took: 0.010490
[2017.07.07-16.13.42:756][839]PIE: Info Play in editor start time for /Game/Map/UEDPIE_0_Main -0.363
[2017.07.07-16.13.49:622][631]BlueprintLog: New page: Compile bpFollowCamera
[2017.07.07-16.13.50:373][704]LogTemp: Repeting last play command: Selected Viewport
[2017.07.07-16.13.50:392][704]LogPlayLevel: PlayLevel: No blueprints needed recompiling
[2017.07.07-16.13.50:393][704]PIE: New page: PIE session: Main (7 Jul 2017 18:13:50)
[2017.07.07-16.13.50:393][704]LogPlayLevel: Creating play world package: /Game/Map/UEDPIE_0_Main
[2017.07.07-16.13.50:398][704]LogPlayLevel: PIE: StaticDuplicateObject took: (0.005385s)
[2017.07.07-16.13.50:398][704]LogAIModule: Creating AISystem for world Main
[2017.07.07-16.13.50:399][704]LogPlayLevel: PIE: World Init took: (0.000569s)
[2017.07.07-16.13.50:399][704]LogPlayLevel: PIE: Created PIE world by copying editor world from /Game/Map/Main.Main to /Game/Map/UEDPIE_0_Main.Main (0.006163s)
[2017.07.07-16.13.50:425][704]LogInit: XAudio2 using 'Speakers (3- USB Audio Device)' : 2 channels at 44.1 kHz using 16 bits per sample (channel mask 0x3)
[2017.07.07-16.13.50:432][704]LogInit: FAudioDevice initialized.
[2017.07.07-16.13.50:481][704]LogLoad: Game class is 'GameControllerBP_C'
[2017.07.07-16.13.50:486][704]LogWorld: Bringing World /Game/Map/UEDPIE_0_Main.Main up for play (max tick rate 0) at 2017.07.07-17.13.50
[2017.07.07-16.13.50:487][704]LogWorld: Bringing up level for play took: 0.005075
[2017.07.07-16.13.50:491][704]PIE: Info Play in editor start time for /Game/Map/UEDPIE_0_Main -0.629
[2017.07.07-16.13.56:461][397]BlueprintLog: New page: Compile bpFollowCamera
[2017.07.07-16.13.57:544][508]LogTemp: Repeting last play command: Selected Viewport
[2017.07.07-16.13.57:564][508]LogPlayLevel: PlayLevel: No blueprints needed recompiling
[2017.07.07-16.13.57:564][508]PIE: New page: PIE session: Main (7 Jul 2017 18:13:57)
[2017.07.07-16.13.57:564][508]LogPlayLevel: Creating play world package: /Game/Map/UEDPIE_0_Main
[2017.07.07-16.13.57:569][508]LogPlayLevel: PIE: StaticDuplicateObject took: (0.004826s)
[2017.07.07-16.13.57:569][508]LogAIModule: Creating AISystem for world Main
[2017.07.07-16.13.57:569][508]LogPlayLevel: PIE: World Init took: (0.000569s)
[2017.07.07-16.13.57:569][508]LogPlayLevel: PIE: Created PIE world by copying editor world from /Game/Map/Main.Main to /Game/Map/UEDPIE_0_Main.Main (0.005581s)
[2017.07.07-16.13.57:595][508]LogInit: XAudio2 using 'Speakers (3- USB Audio Device)' : 2 channels at 44.1 kHz using 16 bits per sample (channel mask 0x3)
[2017.07.07-16.13.57:601][508]LogInit: FAudioDevice initialized.
[2017.07.07-16.13.57:654][508]LogLoad: Game class is 'GameControllerBP_C'
[2017.07.07-16.13.57:659][508]LogWorld: Bringing World /Game/Map/UEDPIE_0_Main.Main up for play (max tick rate 0) at 2017.07.07-17.13.57
[2017.07.07-16.13.57:660][508]LogWorld: Bringing up level for play took: 0.004743
[2017.07.07-16.13.57:663][508]PIE: Info Play in editor start time for /Game/Map/UEDPIE_0_Main 0.544
[2017.07.07-16.14.20:177][945]LogActorComponent: UnregisterComponent: (/Engine/Transient.EditorFloorComp) Not registered. Aborting.
[2017.07.07-16.14.20:230][945]LogActorComponent: UnregisterComponent: (/Engine/Transient.EditorFloorComp) Not registered. Aborting.
[2017.07.07-16.14.20:617][946]Cmd: QUIT_EDITOR
[2017.07.07-16.14.21:605][946]LogWindowsTextInputMethodSystem:Display: IME system now deactivated.
[2017.07.07-16.14.21:629][946]LogExit: Preparing to exit.
[2017.07.07-16.14.21:957][946]LogDirectoryWatcher: A directory notification for 'C:/Users/NekoSupu/Documents/UE4 Projects/w2DGameMeme/Content/' was aborted.
[2017.07.07-16.14.22:036][946]LogExit: Editor shut down
[2017.07.07-16.14.22:039][946]LogExit: Transaction tracking system shut down
[2017.07.07-16.14.22:581][946]LogObj: Freed 0b from 0 cluster array pools.
[2017.07.07-16.14.22:582][946]LogExit: Object subsystem successfully closed.
[2017.07.07-16.14.22:643][946]LogD3D11RHI: Shutdown
[2017.07.07-16.14.22:643][946]LogD3D11RHI: CleanupD3DDevice
[2017.07.07-16.14.22:768][946]LogD3D11RHI: ~FD3D11DynamicRHI
[2017.07.07-16.14.23:016][946]LogModuleManager: Shutting down and abandoning module MovieSceneCapture (530)
[2017.07.07-16.14.23:016][946]LogModuleManager: Shutting down and abandoning module BlueprintGraph (528)
[2017.07.07-16.14.23:016][946]LogModuleManager: Shutting down and abandoning module BlueprintProfiler (526)
[2017.07.07-16.14.23:029][946]LogModuleManager: Shutting down and abandoning module HierarchicalLODOutliner (524)
[2017.07.07-16.14.23:029][946]LogModuleManager: Shutting down and abandoning module CrashTracker (522)
[2017.07.07-16.14.23:029][946]LogModuleManager: Shutting down and abandoning module SceneOutliner (520)
[2017.07.07-16.14.23:029][946]LogModuleManager: Shutting down and abandoning module AddContentDialog (518)
[2017.07.07-16.14.23:038][946]LogDirectoryWatcher: A directory notification for 'C:/Program Files/Epic Games/UE_4.16/FeaturePacks/' was aborted.
[2017.07.07-16.14.23:041][946]LogModuleManager: Shutting down and abandoning module WidgetCarousel (517)
[2017.07.07-16.14.23:041][946]LogModuleManager: Shutting down and abandoning module EditorWidgets (514)
[2017.07.07-16.14.23:041][946]LogModuleManager: Shutting down and abandoning module CollectionManager (512)
[2017.07.07-16.14.23:041][946]LogDirectoryWatcher: A directory notification for 'C:/Users/NekoSupu/Documents/UE4 Projects/w2DGameMeme/Content/Collections/' was aborted.
[2017.07.07-16.14.23:041][946]LogDirectoryWatcher: A directory notification for 'C:/Users/NekoSupu/Documents/UE4 Projects/w2DGameMeme/Content/Developers/NekoSupu/Collections/' was aborted.
[2017.07.07-16.14.23:041][946]LogDirectoryWatcher: A directory notification for 'C:/Users/NekoSupu/Documents/UE4 Projects/w2DGameMeme/Saved/Collections/' was aborted.
[2017.07.07-16.14.23:041][946]LogModuleManager: Shutting down and abandoning module StatsViewer (510)
[2017.07.07-16.14.23:042][946]LogModuleManager: Shutting down and abandoning module FoliageEdit (508)
[2017.07.07-16.14.23:042][946]LogModuleManager: Shutting down and abandoning module LandscapeEditor (506)
[2017.07.07-16.14.23:052][946]LogModuleManager: Shutting down and abandoning module MeshPaintMode (504)
[2017.07.07-16.14.23:052][946]LogModuleManager: Shutting down and abandoning module SceneDepthPickerMode (502)
[2017.07.07-16.14.23:052][946]LogModuleManager: Shutting down and abandoning module ActorPickerMode (500)
[2017.07.07-16.14.23:052][946]LogModuleManager: Shutting down and abandoning module GeometryMode (498)
[2017.07.07-16.14.23:052][946]LogModuleManager: Shutting down and abandoning module TextureAlignMode (496)
[2017.07.07-16.14.23:053][946]LogModuleManager: Shutting down and abandoning module BspMode (494)
[2017.07.07-16.14.23:053][946]LogModuleManager: Shutting down and abandoning module HardwareSurvey (492)
[2017.07.07-16.14.23:053][946]LogModuleManager: Shutting down and abandoning module SequenceRecorderSections (490)
[2017.07.07-16.14.23:053][946]LogModuleManager: Shutting down and abandoning module AutomationWorker (488)
[2017.07.07-16.14.23:053][946]LogModuleManager: Shutting down and abandoning module MatineeToLevelSequence (486)
[2017.07.07-16.14.23:053][946]LogModuleManager: Shutting down and abandoning module LevelSequenceEditor (484)
[2017.07.07-16.14.23:067][946]LogModuleManager: Shutting down and abandoning module PlacementMode (483)
[2017.07.07-16.14.23:067][946]LogModuleManager: Shutting down and abandoning module WmfMediaFactory (480)
[2017.07.07-16.14.23:067][946]LogModuleManager: Shutting down and abandoning module WmfMediaEditor (478)
[2017.07.07-16.14.23:068][946]LogModuleManager: Shutting down and abandoning module AvfMediaFactory (476)
[2017.07.07-16.14.23:068][946]LogModuleManager: Shutting down and abandoning module AvfMediaEditor (474)
[2017.07.07-16.14.23:068][946]LogModuleManager: Shutting down and abandoning module AndroidMediaFactory (472)
[2017.07.07-16.14.23:068][946]LogModuleManager: Shutting down and abandoning module Media (471)
[2017.07.07-16.14.23:068][946]LogModuleManager: Shutting down and abandoning module AndroidMediaEditor (468)
[2017.07.07-16.14.23:068][946]LogModuleManager: Shutting down and abandoning module CharacterAI (466)
[2017.07.07-16.14.23:068][946]LogModuleManager: Shutting down and abandoning module AudioCapture (464)
[2017.07.07-16.14.23:068][946]LogModuleManager: Shutting down and abandoning module SequenceRecorder (463)
[2017.07.07-16.14.23:068][946]LogModuleManager: Shutting down and abandoning module SmartSnapping (460)
[2017.07.07-16.14.23:068][946]LogModuleManager: Shutting down and abandoning module SessionServices (458)
[2017.07.07-16.14.23:068][946]LogModuleManager: Shutting down and abandoning module ViewportSnapping (456)
[2017.07.07-16.14.23:068][946]LogModuleManager: Shutting down and abandoning module ViewportInteraction (454)
[2017.07.07-16.14.23:068][946]LogModuleManager: Shutting down and abandoning module ClothPainter (452)
[2017.07.07-16.14.23:099][946]LogModuleManager: Shutting down and abandoning module LogVisualizer (450)
[2017.07.07-16.14.23:110][946]LogModuleManager: Shutting down and abandoning module IntroTutorials (448)
[2017.07.07-16.14.23:110][946]LogModuleManager: Shutting down and abandoning module GameProjectGeneration (447)
[2017.07.07-16.14.23:127][946]LogModuleManager: Shutting down and abandoning module EditorLiveStreaming (444)
[2017.07.07-16.14.23:127][946]LogModuleManager: Shutting down and abandoning module IOSPlatformEditor (442)
[2017.07.07-16.14.23:142][946]LogModuleManager: Shutting down and abandoning module HTML5PlatformEditor (440)
[2017.07.07-16.14.23:142][946]LogModuleManager: Shutting down and abandoning module AndroidPlatformEditor (438)
[2017.07.07-16.14.23:142][946]LogModuleManager: Shutting down and abandoning module AndroidDeviceDetection (437)
[2017.07.07-16.14.23:746][946]LogModuleManager: Shutting down and abandoning module IOSRuntimeSettings (434)
[2017.07.07-16.14.23:746][946]LogModuleManager: Shutting down and abandoning module AndroidRuntimeSettings (432)
[2017.07.07-16.14.23:746][946]LogModuleManager: Shutting down and abandoning module InputBindingEditor (430)
[2017.07.07-16.14.23:754][946]LogModuleManager: Shutting down and abandoning module MergeActors (428)
[2017.07.07-16.14.23:764][946]LogModuleManager: Shutting down and abandoning module SizeMap (426)
[2017.07.07-16.14.23:764][946]LogModuleManager: Shutting down and abandoning module TreeMap (424)
[2017.07.07-16.14.23:773][946]LogModuleManager: Shutting down and abandoning module ReferenceViewer (422)
[2017.07.07-16.14.23:773][946]LogModuleManager: Shutting down and abandoning module LocalizationDashboard (420)
[2017.07.07-16.14.23:782][946]LogModuleManager: Shutting down and abandoning module LocalizationService (419)
[2017.07.07-16.14.23:783][946]LogModuleManager: Shutting down and abandoning module HardwareTargeting (416)
[2017.07.07-16.14.23:783][946]LogModuleManager: Shutting down and abandoning module DeviceProfileEditor (414)
[2017.07.07-16.14.23:790][946]LogModuleManager: Shutting down and abandoning module UndoHistory (412)
[2017.07.07-16.14.23:790][946]LogModuleManager: Shutting down and abandoning module UserFeedback (410)
[2017.07.07-16.14.23:790][946]LogModuleManager: Shutting down and abandoning module XmlParser (408)
[2017.07.07-16.14.23:790][946]LogModuleManager: Shutting down and abandoning module Blutility (406)
[2017.07.07-16.14.23:790][946]LogModuleManager: Shutting down and abandoning module ProjectSettingsViewer (404)
[2017.07.07-16.14.23:790][946]LogModuleManager: Shutting down and abandoning module ProjectTargetPlatformEditor (403)
[2017.07.07-16.14.23:790][946]LogModuleManager: Shutting down and abandoning module EditorSettingsViewer (400)
[2017.07.07-16.14.23:790][946]LogModuleManager: Shutting down and abandoning module SettingsEditor (398)
[2017.07.07-16.14.23:790][946]LogModuleManager: Shutting down and abandoning module ProjectLauncher (396)
[2017.07.07-16.14.23:807][946]LogModuleManager: Shutting down and abandoning module SessionFrontend (394)
[2017.07.07-16.14.23:820][946]LogModuleManager: Shutting down and abandoning module ProfilerClient (392)
[2017.07.07-16.14.23:846][946]LogModuleManager: Shutting down and abandoning module DeviceManager (390)
[2017.07.07-16.14.23:859][946]LogModuleManager: Shutting down and abandoning module TargetDeviceServices (389)
[2017.07.07-16.14.23:911][946]LogModuleManager: Shutting down and abandoning module AutomationController (386)
[2017.07.07-16.14.23:911][946]LogModuleManager: Shutting down and abandoning module AutomationWindow (384)
[2017.07.07-16.14.23:943][946]LogModuleManager: Shutting down and abandoning module Layers (382)
[2017.07.07-16.14.23:960][946]LogModuleManager: Shutting down and abandoning module ComponentVisualizers (380)
[2017.07.07-16.14.23:960][946]LogModuleManager: Shutting down and abandoning module DetailCustomizations (378)
[2017.07.07-16.14.23:960][946]LogModuleManager: Shutting down and abandoning module PackagesDialog (376)
[2017.07.07-16.14.23:961][946]LogModuleManager: Shutting down and abandoning module Persona (374)
[2017.07.07-16.14.23:973][946]LogModuleManager: Shutting down and abandoning module AdvancedPreviewScene (373)
[2017.07.07-16.14.23:973][946]LogModuleManager: Shutting down and abandoning module AnimGraph (371)
[2017.07.07-16.14.23:973][946]LogModuleManager: Shutting down and abandoning module Kismet (368)
[2017.07.07-16.14.23:996][946]LogModuleManager: Shutting down and abandoning module ClassViewer (366)
[2017.07.07-16.14.23:997][946]LogModuleManager: Shutting down and abandoning module Toolbox (364)
[2017.07.07-16.14.23:997][946]LogModuleManager: Shutting down and abandoning module ModuleUI (362)
[2017.07.07-16.14.24:018][946]LogModuleManager: Shutting down and abandoning module MovieSceneTools (360)
[2017.07.07-16.14.24:018][946]LogModuleManager: Shutting down and abandoning module OutputLog (358)
[2017.07.07-16.14.24:018][946]LogModuleManager: Shutting down and abandoning module GammaUI (356)
[2017.07.07-16.14.24:039][946]LogModuleManager: Shutting down and abandoning module Documentation (354)
[2017.07.07-16.14.24:039][946]LogModuleManager: Shutting down and abandoning module MovieSceneTracks (352)
[2017.07.07-16.14.24:039][946]LogModuleManager: Shutting down and abandoning module MovieScene (350)
[2017.07.07-16.14.24:039][946]LogModuleManager: Shutting down and abandoning module Niagara (348)
[2017.07.07-16.14.24:040][946]LogModuleManager: Shutting down and abandoning module NiagaraEditor (347)
[2017.07.07-16.14.24:050][946]LogModuleManager: Shutting down and abandoning module StreamingPauseRendering (344)
[2017.07.07-16.14.24:051][946]LogModuleManager: Shutting down and abandoning module AnalyticsET (342)
[2017.07.07-16.14.24:051][946]LogModuleManager: Shutting down and abandoning module PortalServices (340)
[2017.07.07-16.14.24:051][946]LogModuleManager: Shutting down and abandoning module PortalRpc (338)
[2017.07.07-16.14.24:051][946]LogModuleManager: Shutting down and abandoning module MessagingRpc (336)
[2017.07.07-16.14.24:051][946]LogModuleManager: Shutting down and abandoning module AIModule (334)
[2017.07.07-16.14.24:051][946]LogModuleManager: Shutting down and abandoning module GameplayDebugger (333)
[2017.07.07-16.14.24:051][946]LogModuleManager: Shutting down and abandoning module AITestSuite (331)
[2017.07.07-16.14.24:051][946]LogModuleManager: Shutting down and abandoning module ProfilerService (328)
[2017.07.07-16.14.24:134][946]LogModuleManager: Shutting down and abandoning module TaskGraph (326)
[2017.07.07-16.14.24:146][946]LogModuleManager: Shutting down and abandoning module SteamVRController (324)
[2017.07.07-16.14.24:146][946]LogModuleManager: Shutting down and abandoning module SteamVR (322)
[2017.07.07-16.14.24:146][946]LogModuleManager: Shutting down and abandoning module ProceduralMeshComponentEditor (320)
[2017.07.07-16.14.24:146][946]LogModuleManager: Shutting down and abandoning module ProceduralMeshComponent (318)
[2017.07.07-16.14.24:146][946]LogModuleManager: Shutting down and abandoning module OculusLibrary (316)
[2017.07.07-16.14.24:146][946]LogModuleManager: Shutting down and abandoning module OculusInput (314)
[2017.07.07-16.14.24:146][946]LogModuleManager: Shutting down and abandoning module MobilePatchingUtils (312)
[2017.07.07-16.14.24:146][946]LogModuleManager: Shutting down and abandoning module CustomMeshComponent (310)
[2017.07.07-16.14.24:146][946]LogModuleManager: Shutting down and abandoning module CableComponent (308)
[2017.07.07-16.14.24:146][946]LogModuleManager: Shutting down and abandoning module ArchVisCharacter (306)
[2017.07.07-16.14.24:146][946]LogModuleManager: Shutting down and abandoning module AndroidPermission (304)
[2017.07.07-16.14.24:146][946]LogModuleManager: Shutting down and abandoning module MediaPlayerEditor (300)
[2017.07.07-16.14.24:161][946]LogModuleManager: Shutting down and abandoning module HTML5Networking (298)
[2017.07.07-16.14.24:161][946]LogModuleManager: Shutting down and abandoning module AlembicImporter (296)
[2017.07.07-16.14.24:171][946]LogModuleManager: Shutting down and abandoning module AlembicLibrary (295)
[2017.07.07-16.14.24:171][946]LogModuleManager: Shutting down and abandoning module GeometryCache (294)
[2017.07.07-16.14.24:171][946]LogModuleManager: Shutting down and abandoning module GeometryCacheEd (293)
[2017.07.07-16.14.24:171][946]LogModuleManager: Shutting down and abandoning module SuperSearchEditor (288)
[2017.07.07-16.14.24:171][946]LogModuleManager: Shutting down and abandoning module SuperSearch (287)
[2017.07.07-16.14.24:171][946]LogModuleManager: Shutting down and abandoning module SpeedTreeImporter (284)
[2017.07.07-16.14.24:171][946]LogModuleManager: Shutting down and abandoning module PluginBrowser (282)
[2017.07.07-16.14.24:171][946]LogModuleManager: Shutting down and abandoning module MobileLauncherProfileWizard (280)
[2017.07.07-16.14.24:171][946]LogModuleManager: Shutting down and abandoning module VisualStudioSourceCodeAccess (278)
[2017.07.07-16.14.24:171][946]LogModuleManager: Shutting down and abandoning module DesktopPlatform (277)
[2017.07.07-16.14.24:171][946]LogModuleManager: Shutting down and abandoning module UObjectPlugin (274)
[2017.07.07-16.14.24:171][946]LogModuleManager: Shutting down and abandoning module SubversionSourceControl (272)
[2017.07.07-16.14.24:171][946]LogModuleManager: Shutting down and abandoning module PerforceSourceControl (270)
[2017.07.07-16.14.24:171][946]LogModuleManager: Shutting down and abandoning module GitSourceControl (268)
[2017.07.07-16.14.24:171][946]LogModuleManager: Shutting down and abandoning module SourceControl (267)
[2017.07.07-16.14.24:171][946]LogModuleManager: Shutting down and abandoning module LightPropagationVolumeEditor (264)
[2017.07.07-16.14.24:172][946]LogModuleManager: Shutting down and abandoning module PaperTiledImporter (262)
[2017.07.07-16.14.24:172][946]LogModuleManager: Shutting down and abandoning module PaperSpriteSheetImporter (260)
[2017.07.07-16.14.24:172][946]LogModuleManager: Shutting down and abandoning module Paper2DEditor (258)
[2017.07.07-16.14.24:172][946]LogModuleManager: Shutting down and abandoning module MeshPaint (257)
[2017.07.07-16.14.24:172][946]LogModuleManager: Shutting down and abandoning module LevelEditor (255)
[2017.07.07-16.14.24:174][946]LogModuleManager: Shutting down and abandoning module PixelInspectorModule (254)
[2017.07.07-16.14.24:174][946]LogModuleManager: Shutting down and abandoning module MainFrame (252)
[2017.07.07-16.14.24:174][946]LogModuleManager: Shutting down and abandoning module HotReload (251)
[2017.07.07-16.14.24:176][946]LogModuleManager: Shutting down and abandoning module PhysXVehiclesEditor (246)
[2017.07.07-16.14.24:176][946]LogModuleManager: Shutting down and abandoning module PhysXVehicles (244)
[2017.07.07-16.14.24:176][946]LogModuleManager: Shutting down and abandoning module LocationServicesBPLibrary (242)
[2017.07.07-16.14.24:176][946]LogModuleManager: Shutting down and abandoning module ImmediatePhysicsEditor (240)
[2017.07.07-16.14.24:176][946]LogModuleManager: Shutting down and abandoning module ImmediatePhysics (238)
[2017.07.07-16.14.24:176][946]LogModuleManager: Shutting down and abandoning module UdpMessaging (236)
[2017.07.07-16.14.24:277][946]LogModuleManager: Shutting down and abandoning module TcpMessaging (234)
[2017.07.07-16.14.24:377][946]LogModuleManager: Shutting down and abandoning module GameplayTagsEditor (232)
[2017.07.07-16.14.24:378][946]LogModuleManager: Shutting down and abandoning module FacialAnimationEditor (230)
[2017.07.07-16.14.24:378][946]LogModuleManager: Shutting down and abandoning module FacialAnimation (228)
[2017.07.07-16.14.24:378][946]LogModuleManager: Shutting down and abandoning module AssetManagerEditor (226)
[2017.07.07-16.14.24:388][946]LogModuleManager: Shutting down and abandoning module GraphEditor (225)
[2017.07.07-16.14.24:388][946]LogModuleManager: Shutting down and abandoning module ContentBrowser (223)
[2017.07.07-16.14.24:391][946]LogModuleManager: Shutting down and abandoning module LightPropagationVolumeRuntime (220)
[2017.07.07-16.14.24:391][946]LogModuleManager: Shutting down and abandoning module Paper2D (218)
[2017.07.07-16.14.24:391][946]LogModuleManager: Shutting down and abandoning module WindowsMoviePlayer (216)
[2017.07.07-16.14.24:391][946]LogModuleManager: Shutting down and abandoning module WmfMedia (214)
[2017.07.07-16.14.24:391][946]LogModuleManager: Shutting down and abandoning module ClothingSystemEditor (212)
[2017.07.07-16.14.24:391][946]LogModuleManager: Shutting down and abandoning module ClothingSystemRuntime (210)
[2017.07.07-16.14.24:404][946]LogModuleManager: Shutting down and abandoning module MediaAssets (208)
[2017.07.07-16.14.24:404][946]LogModuleManager: Shutting down and abandoning module GameLiveStreaming (206)
[2017.07.07-16.14.24:406][946]LogModuleManager: Shutting down and abandoning module VREditor (204)
[2017.07.07-16.14.24:406][946]LogModuleManager: Shutting down and abandoning module StringTableEditor (202)
[2017.07.07-16.14.24:430][946]LogModuleManager: Shutting down and abandoning module GameplayTasksEditor (200)
[2017.07.07-16.14.24:430][946]LogModuleManager: Shutting down and abandoning module BehaviorTreeEditor (198)
[2017.07.07-16.14.24:445][946]LogModuleManager: Shutting down and abandoning module FunctionalTesting (196)
[2017.07.07-16.14.24:445][946]LogModuleManager: Shutting down and abandoning module CollisionAnalyzer (194)
[2017.07.07-16.14.24:457][946]LogModuleManager: Shutting down and abandoning module UMG (192)
[2017.07.07-16.14.24:457][946]LogModuleManager: Shutting down and abandoning module UMGEditor (191)
[2017.07.07-16.14.24:457][946]LogModuleManager: Shutting down and abandoning module Sequencer (190)
[2017.07.07-16.14.24:458][946]LogModuleManager: Shutting down and abandoning module AssetTools (188)
[2017.07.07-16.14.24:471][946]LogModuleManager: Shutting down and abandoning module MessageLog (187)
[2017.07.07-16.14.24:471][946]LogModuleManager: Shutting down and abandoning module WorkspaceMenuStructure (186)
[2017.07.07-16.14.24:471][946]LogModuleManager: Shutting down and abandoning module SlateReflector (180)
[2017.07.07-16.14.24:493][946]LogModuleManager: Shutting down and abandoning module Slate (178)
[2017.07.07-16.14.24:493][946]LogModuleManager: Shutting down and abandoning module EditorStyle (176)
[2017.07.07-16.14.24:502][946]LogModuleManager: Shutting down and abandoning module SourceCodeAccess (174)
[2017.07.07-16.14.24:502][946]LogModuleManager: Shutting down and abandoning module HeadMountedDisplay (172)
[2017.07.07-16.14.24:502][946]LogModuleManager: Shutting down and abandoning module XAudio2 (170)
[2017.07.07-16.14.24:502][946]LogModuleManager: Shutting down and abandoning module Networking (168)
[2017.07.07-16.14.24:502][946]LogModuleManager: Shutting down and abandoning module Core (164)
[2017.07.07-16.14.24:502][946]LogModuleManager: Shutting down and abandoning module AssetRegistry (162)
[2017.07.07-16.14.24:580][946]LogDirectoryWatcher: A directory notification for '../../../Engine/Content/' was aborted.
[2017.07.07-16.14.24:580][946]LogDirectoryWatcher: A directory notification for '../../../../../../Users/NekoSupu/Documents/UE4 Projects/w2DGameMeme/Content/' was aborted.
[2017.07.07-16.14.24:580][946]LogDirectoryWatcher: A directory notification for '../../../Engine/Plugins/2D/Paper2D/Content/' was aborted.
[2017.07.07-16.14.24:581][946]LogDirectoryWatcher: A directory notification for '../../../Engine/Plugins/Runtime/GearVR/Content/' was aborted.
[2017.07.07-16.14.24:583][946]LogModuleManager: Shutting down and abandoning module DirectoryWatcher (161)
[2017.07.07-16.14.24:584][946]LogModuleManager: Shutting down and abandoning module KismetCompiler (158)
[2017.07.07-16.14.24:584][946]LogModuleManager: Shutting down and abandoning module LevelSequence (156)
[2017.07.07-16.14.24:584][946]LogModuleManager: Shutting down and abandoning module PhysXFormats (154)
[2017.07.07-16.14.24:584][946]LogModuleManager: Shutting down and abandoning module MeshUtilities (152)
[2017.07.07-16.14.24:584][946]LogModuleManager: Shutting down and abandoning module SimplygonSwarm (151)
[2017.07.07-16.14.24:584][946]LogModuleManager: Shutting down and abandoning module SimplygonMeshReduction (149)
[2017.07.07-16.14.24:584][946]LogModuleManager: Shutting down and abandoning module QuadricMeshReduction (147)
[2017.07.07-16.14.24:584][946]LogModuleManager: Shutting down and abandoning module DerivedDataCache (144)
[2017.07.07-16.14.24:651][946]LogDerivedDataCache: Shutdown
[2017.07.07-16.14.24:651][946]LogModuleManager: Shutting down and abandoning module TargetPlatform (142)
[2017.07.07-16.14.24:651][946]LogModuleManager: Shutting down and abandoning module VulkanShaderFormat (141)
[2017.07.07-16.14.24:651][946]LogModuleManager: Shutting down and abandoning module ShaderFormatVectorVM (139)
[2017.07.07-16.14.24:673][946]LogModuleManager: Shutting down and abandoning module ShaderFormatOpenGL (137)
[2017.07.07-16.14.24:698][946]LogModuleManager: Shutting down and abandoning module ShaderFormatD3D (135)
[2017.07.07-16.14.24:698][946]LogModuleManager: Shutting down and abandoning module MetalShaderFormat (133)
[2017.07.07-16.14.24:716][946]LogModuleManager: Shutting down and abandoning module TextureFormatUncompressed (131)
[2017.07.07-16.14.24:716][946]LogModuleManager: Shutting down and abandoning module TextureFormatPVR (129)
[2017.07.07-16.14.24:716][946]LogModuleManager: Shutting down and abandoning module TextureFormatDXT (127)
[2017.07.07-16.14.24:717][946]LogModuleManager: Shutting down and abandoning module TextureFormatIntelISPCTexComp (125)
[2017.07.07-16.14.24:717][946]LogModuleManager: Shutting down and abandoning module TextureFormatASTC (123)
[2017.07.07-16.14.24:717][946]LogModuleManager: Shutting down and abandoning module ImageWrapper (122)
[2017.07.07-16.14.24:717][946]LogModuleManager: Shutting down and abandoning module TextureFormatAndroid (119)
[2017.07.07-16.14.24:717][946]LogModuleManager: Shutting down and abandoning module AudioFormatOpus (117)
[2017.07.07-16.14.24:717][946]LogModuleManager: Shutting down and abandoning module AudioFormatOgg (115)
[2017.07.07-16.14.24:717][946]LogModuleManager: Shutting down and abandoning module AudioFormatADPCM (113)
[2017.07.07-16.14.24:717][946]LogModuleManager: Shutting down and abandoning module LinuxTargetPlatform (111)
[2017.07.07-16.14.24:717][946]LogModuleManager: Shutting down and abandoning module LinuxServerTargetPlatform (109)
[2017.07.07-16.14.24:717][946]LogModuleManager: Shutting down and abandoning module LinuxNoEditorTargetPlatform (107)
[2017.07.07-16.14.24:717][946]LogModuleManager: Shutting down and abandoning module LinuxClientTargetPlatform (105)
[2017.07.07-16.14.24:717][946]LogModuleManager: Shutting down and abandoning module TVOSTargetPlatform (103)
[2017.07.07-16.14.24:717][946]LogModuleManager: Shutting down and abandoning module Messaging (101)
[2017.07.07-16.14.24:717][946]LogModuleManager: Shutting down and abandoning module IOSTargetPlatform (99)
[2017.07.07-16.14.24:717][946]LogModuleManager: Shutting down and abandoning module HTML5TargetPlatform (97)
[2017.07.07-16.14.24:717][946]LogModuleManager: Shutting down and abandoning module Android_PVRTCTargetPlatform (95)
[2017.07.07-16.14.24:717][946]LogModuleManager: Shutting down and abandoning module Android_MultiTargetPlatform (93)
[2017.07.07-16.14.24:717][946]LogModuleManager: Shutting down and abandoning module Android_ETC2TargetPlatform (91)
[2017.07.07-16.14.24:717][946]LogModuleManager: Shutting down and abandoning module Android_ETC1TargetPlatform (89)
[2017.07.07-16.14.24:717][946]LogModuleManager: Shutting down and abandoning module Android_DXTTargetPlatform (87)
[2017.07.07-16.14.24:718][946]LogModuleManager: Shutting down and abandoning module Android_ATCTargetPlatform (85)
[2017.07.07-16.14.24:718][946]LogModuleManager: Shutting down and abandoning module Android_ASTCTargetPlatform (83)
[2017.07.07-16.14.24:718][946]LogModuleManager: Shutting down and abandoning module AndroidTargetPlatform (81)
[2017.07.07-16.14.24:718][946]LogModuleManager: Shutting down and abandoning module WindowsTargetPlatform (79)
[2017.07.07-16.14.24:718][946]LogModuleManager: Shutting down and abandoning module WindowsServerTargetPlatform (77)
[2017.07.07-16.14.24:718][946]LogModuleManager: Shutting down and abandoning module WindowsNoEditorTargetPlatform (75)
[2017.07.07-16.14.24:718][946]LogModuleManager: Shutting down and abandoning module WindowsClientTargetPlatform (73)
[2017.07.07-16.14.24:718][946]LogModuleManager: Shutting down and abandoning module MacTargetPlatform (71)
[2017.07.07-16.14.24:718][946]LogModuleManager: Shutting down and abandoning module MacServerTargetPlatform (69)
[2017.07.07-16.14.24:718][946]LogModuleManager: Shutting down and abandoning module MacNoEditorTargetPlatform (67)
[2017.07.07-16.14.24:718][946]LogModuleManager: Shutting down and abandoning module MacClientTargetPlatform (65)
[2017.07.07-16.14.24:718][946]LogModuleManager: Shutting down and abandoning module AllDesktopTargetPlatform (63)
[2017.07.07-16.14.24:718][946]LogModuleManager: Shutting down and abandoning module InputCore (60)
[2017.07.07-16.14.24:718][946]LogModuleManager: Shutting down and abandoning module Settings (58)
[2017.07.07-16.14.24:718][946]LogModuleManager: Shutting down and abandoning module OculusRift (56)
[2017.07.07-16.14.24:718][946]LogModuleManager: Shutting down and abandoning module GearVRController (54)
[2017.07.07-16.14.24:718][946]LogModuleManager: Shutting down and abandoning module GearVR (52)
[2017.07.07-16.14.24:718][946]LogModuleManager: Shutting down and abandoning module ExampleDeviceProfileSelector (50)
[2017.07.07-16.14.24:718][946]LogModuleManager: Shutting down and abandoning module OnlineBlueprintSupport (48)
[2017.07.07-16.14.24:718][946]LogModuleManager: Shutting down and abandoning module OnlineSubsystem (44)
[2017.07.07-16.14.24:718][946]LogOnline:Display: Unloading online subsystem: NULL
[2017.07.07-16.14.24:736][946]LogModuleManager: Shutting down and abandoning module XMPP (43)
[2017.07.07-16.14.24:748][946]LogModuleManager: Shutting down and abandoning module HTTP (41)
[2017.07.07-16.14.24:749][946]LogHttp:Display: Http module shutting down, but needs to wait on 1 outstanding Http requests:
[2017.07.07-16.14.24:749][946]LogHttp:Display: 	verb=[POST] url=[https://datarouter.ol.epicgames.com/datarouter/api/v1/public/data?SessionID=%7BE9DB8A4B-4A86-A6E0-6B06-CA8512073DC3%7D&AppID=UEEditor.Rocket.Release&AppVersion=4.16.2-3514769%2B%2B%2BUE4%2BRelease-4.16&UserID=648b58b340a03c4271a96f840b7b79d1%7C23d7a90c94e249c581fb5dd23608a6b2%7Ce4af20d8-6f20-4814-bff2-7d2447655fe1&AppEnvironment=datacollector-binary&UploadType=eteventstream] status=Processing
[2017.07.07-16.14.24:783][946]LogModuleManager: Shutting down and abandoning module SSL (40)
[2017.07.07-16.14.24:787][946]LogModuleManager: Shutting down and abandoning module HTTPChunkInstaller (36)
[2017.07.07-16.14.24:794][946]LogModuleManager: Shutting down and abandoning module AnimationModifiers (34)
[2017.07.07-16.14.24:807][946]LogModuleManager: Shutting down and abandoning module PropertyEditor (33)
[2017.07.07-16.14.24:807][946]LogModuleManager: Shutting down and abandoning module AudioEditor (30)
[2017.07.07-16.14.24:822][946]LogModuleManager: Shutting down and abandoning module TextureCompressor (28)
[2017.07.07-16.14.24:822][946]LogModuleManager: Shutting down and abandoning module ShaderCore (26)
[2017.07.07-16.14.24:822][946]LogModuleManager: Shutting down and abandoning module Landscape (24)
[2017.07.07-16.14.24:822][946]LogModuleManager: Shutting down and abandoning module SlateRHIRenderer (22)
[2017.07.07-16.14.24:835][946]LogModuleManager: Shutting down and abandoning module OpenGLDrv (20)
[2017.07.07-16.14.24:857][946]LogModuleManager: Shutting down and abandoning module D3D11RHI (18)
[2017.07.07-16.14.24:857][946]LogModuleManager: Shutting down and abandoning module AnimGraphRuntime (16)
[2017.07.07-16.14.24:857][946]LogModuleManager: Shutting down and abandoning module Renderer (14)
[2017.07.07-16.14.24:857][946]LogModuleManager: Shutting down and abandoning module Engine (12)
[2017.07.07-16.14.24:857][946]LogModuleManager: Shutting down and abandoning module CoreUObject (10)
[2017.07.07-16.14.24:857][946]LogModuleManager: Shutting down and abandoning module NetworkFile (8)
[2017.07.07-16.14.24:857][946]LogModuleManager: Shutting down and abandoning module StreamingFile (6)
[2017.07.07-16.14.24:857][946]LogModuleManager: Shutting down and abandoning module SandboxFile (4)
[2017.07.07-16.14.24:857][946]LogModuleManager: Shutting down and abandoning module PakFile (2)
[2017.07.07-16.14.24:861][946]LogExit: Exiting.
[2017.07.07-16.14.24:914][946]Log file closed, 07/07/17 17:14:24
