Log file open, 06/19/17 17:29:24
LogInit:Display: Running engine for game: w2DGameMeme
LogPlatformFile: Not using cached read wrapper
LogInit:Display: RandInit(-1626471322) SRandInit(-1626471322).
LogTaskGraph: Started task graph with 5 named threads and 8 total threads with 1 sets of task threads.
LogStats: Stats thread started at 3.748987
LogInit: Using libcurl 7.47.1
LogInit:  - built for x86_64-pc-win32
LogInit:  - supports SSL with OpenSSL/1.0.2g
LogInit:  - supports HTTP deflate (compression) using libz 1.2.8
LogInit:  - other features:
LogInit:      CURL_VERSION_SSL
LogInit:      CURL_VERSION_LIBZ
LogInit:      CURL_VERSION_IPV6
LogInit:      CURL_VERSION_ASYNCHDNS
LogInit:      CURL_VERSION_LARGEFILE
LogInit:      CURL_VERSION_IDN
LogInit:  CurlRequestOptions (configurable via config and command line):
LogInit:  - bVerifyPeer = false  - Libcurl will NOT verify peer certificate
LogInit:  - bUseHttpProxy = false  - Libcurl will NOT use HTTP proxy
LogInit:  - bDontReuseConnections = false  - Libcurl will reuse connections
LogInit:  - CertBundlePath = nullptr  - Libcurl will use whatever was configured at build time.
LogInit: Build: ++UE4+Release-4.16-CL-3466753
LogInit: Engine Version: 4.16.1-3466753+++UE4+Release-4.16
LogInit: Compatible Engine Version: 4.16.0-3452394+++UE4+Release-4.16
LogInit: Net CL: 3452394
LogDevObjectVersion: Number of dev versions registered: 16
LogDevObjectVersion:   Dev-Blueprints (B0D832E4-1F89-4F0D-ACCF-7EB736FD4AA2): 9
LogDevObjectVersion:   Dev-Build (E1C64328-A22C-4D53-A36C-8E866417BD8C): 0
LogDevObjectVersion:   Dev-Core (375EC13C-06E4-48FB-B500-84F0262A717E): 2
LogDevObjectVersion:   Dev-Editor (E4B068ED-F494-42E9-A231-DA0B2E46BB41): 17
LogDevObjectVersion:   Dev-Framework (CFFC743F-43B0-4480-9391-14DF171D2073): 23
LogDevObjectVersion:   Dev-Mobile (B02B49B5-BB20-44E9-A304-32B752E40360): 0
LogDevObjectVersion:   Dev-Networking (A4E4105C-59A1-49B5-A7C5-40C4547EDFEE): 0
LogDevObjectVersion:   Dev-Online (39C831C9-5AE6-47DC-9A44-9C173E1C8E7C): 0
LogDevObjectVersion:   Dev-Physics (78F01B33-EBEA-4F98-B9B4-84EACCB95AA2): 0
LogDevObjectVersion:   Dev-Platform (6631380F-2D4D-43E0-8009-CF276956A95A): 0
LogDevObjectVersion:   Dev-Rendering (12F88B9F-8875-4AFC-A67C-D90C383ABD29): 15
LogDevObjectVersion:   Dev-Sequencer (7B5AE74C-D270-4C10-A958-57980B212A5A): 4
LogDevObjectVersion:   Dev-VR (D7296918-1DD6-4BDD-9DE2-64A83CC13884): 0
LogDevObjectVersion:   Dev-LoadTimes (C2A15278-BFE7-4AFE-6C17-90FF531DF755): 1
LogDevObjectVersion:   Private-Geometry (6EACA3D4-40EC-4CC1-B786-8BED09428FC5): 1
LogDevObjectVersion:   Dev-AnimPhys (29E575DD-E0A3-4627-9D10-D276232CDCEA): 3
LogInit: Compiled (64-bit): May 31 2017 02:03:30
LogInit: Compiled with Visual C++: 19.00.24215.01
LogInit: Build Configuration: Development
LogInit: Branch Name: ++UE4+Release-4.16
LogInit: Command line:  
LogInit: Base directory: C:/Program Files/Epic Games/UE_4.16/Engine/Binaries/Win64/
LogInit: Installed Engine Build: 1
LogInit: Presizing for max 8388607 objects, including 0 objects not considered by GC, pre-allocating 0 bytes for permanent pool.
LogInit: Object subsystem initialized
[2017.06.19-16.29.26:722][  0]LogInit: Selected Device Profile: [Windows]
[2017.06.19-16.29.26:722][  0]LogInit: Applying CVar settings loaded from the selected device profile: [Windows]
[2017.06.19-16.29.26:821][  0]LogInit: Computer: DESKTOP-PN7VHQT
[2017.06.19-16.29.26:821][  0]LogInit: User: NekoSupu
[2017.06.19-16.29.26:821][  0]LogInit: CPU Page size=4096, Cores=4
[2017.06.19-16.29.26:821][  0]LogInit: High frequency timer resolution =3.221724 MHz
[2017.06.19-16.29.26:821][  0]LogMemory: Memory total: Physical=7.9GB (8GB approx)
[2017.06.19-16.29.26:821][  0]LogMemory: Platform Memory Stats for Windows
[2017.06.19-16.29.26:821][  0]LogMemory: Process Physical Memory: 272.40 MB used, 272.40 MB peak
[2017.06.19-16.29.26:821][  0]LogMemory: Process Virtual Memory: 270.81 MB used, 270.81 MB peak
[2017.06.19-16.29.26:821][  0]LogMemory: Physical Memory: 2774.89 MB used,  5352.45 MB free, 8127.35 MB total
[2017.06.19-16.29.26:821][  0]LogMemory: Virtual Memory: 647.37 MB used,  5352.45 MB free, 134217728.00 MB total
[2017.06.19-16.29.27:596][  0]LogInit: Using OS detected language (en-GB).
[2017.06.19-16.29.27:608][  0]LogInit: Using OS detected locale (en-GB).
[2017.06.19-16.29.27:846][  0]LogTextLocalizationManager: No specific localization for 'en-GB' exists, so the 'en' localization will be used.
[2017.06.19-16.29.31:968][  0]LogD3D11RHI: D3D11 adapters:
[2017.06.19-16.29.32:556][  0]LogD3D11RHI:    0. 'NVIDIA GeForce GTX 660' (Feature Level 11_0)
[2017.06.19-16.29.32:556][  0]LogD3D11RHI:       2016/0/4063 MB DedicatedVideo/DedicatedSystem/SharedSystem, Outputs:1, VendorId:0x10de
[2017.06.19-16.29.32:558][  0]LogD3D11RHI:    1. 'Microsoft Basic Render Driver' (Feature Level 11_0)
[2017.06.19-16.29.32:558][  0]LogD3D11RHI:       0/0/4063 MB DedicatedVideo/DedicatedSystem/SharedSystem, Outputs:0, VendorId:0x1414
[2017.06.19-16.29.32:558][  0]LogD3D11RHI: Chosen D3D11 Adapter: 0
[2017.06.19-16.29.32:581][  0]LogD3D11RHI: Creating new Direct3DDevice
[2017.06.19-16.29.32:581][  0]LogD3D11RHI:     GPU DeviceId: 0x11c0 (for the marketing name, search the web for "GPU Device Id")
[2017.06.19-16.29.32:581][  0]LogWindows: EnumDisplayDevices:
[2017.06.19-16.29.32:581][  0]LogWindows:    0. 'NVIDIA GeForce GTX 660' (P:1 D:1)
[2017.06.19-16.29.32:582][  0]LogWindows:    1. 'NVIDIA GeForce GTX 660' (P:0 D:0)
[2017.06.19-16.29.32:582][  0]LogWindows:    2. 'NVIDIA GeForce GTX 660' (P:0 D:0)
[2017.06.19-16.29.32:582][  0]LogWindows:    3. 'NVIDIA GeForce GTX 660' (P:0 D:0)
[2017.06.19-16.29.32:582][  0]LogWindows: DebugString: FoundDriverCount:4 
[2017.06.19-16.29.32:582][  0]LogD3D11RHI:     Adapter Name: NVIDIA GeForce GTX 660
[2017.06.19-16.29.32:582][  0]LogD3D11RHI:   Driver Version: 382.53 (internal:22.21.13.8253, unified:382.53)
[2017.06.19-16.29.32:582][  0]LogD3D11RHI:      Driver Date: 6-7-2017
[2017.06.19-16.29.32:582][  0]LogRHI: Texture pool is 1361 MB (70% of 1945 MB)
[2017.06.19-16.29.33:176][  0]LogD3D11RHI: Async texture creation enabled
[2017.06.19-16.29.33:445][  0]LogD3D11RHI: GPU Timing Frequency: 1000.000000 (Debug: 2 3)
[2017.06.19-16.29.33:606][  0]LogShaderCompilers: Guid format shader working directory is -18 characters bigger than the processId version (../../../../../../Users/NekoSupu/Documents/UE4 Projects/w2DGameMeme/Intermediate/Shaders/WorkingDirectory/6180/).
[2017.06.19-16.29.33:606][  0]LogShaderCompilers: Cleaned the shader compiler working directory 'C:/Users/NekoSupu/AppData/Local/Temp/UnrealShaderWorkingDir/F2729B1F49A7AC8AE17F40AD376BA331/'.
[2017.06.19-16.29.33:619][  0]LogShaderCompilers:Display: Using Local Shader Compiler.
[2017.06.19-16.29.39:606][  0]LogTemp:Display: Loaded TP AllDesktopTargetPlatform
[2017.06.19-16.29.39:657][  0]LogTemp:Display: Loaded TP MacClientTargetPlatform
[2017.06.19-16.29.39:706][  0]LogTemp:Display: Loaded TP MacNoEditorTargetPlatform
[2017.06.19-16.29.39:768][  0]LogTemp:Display: Loaded TP MacServerTargetPlatform
[2017.06.19-16.29.39:868][  0]LogTemp:Display: Loaded TP MacTargetPlatform
[2017.06.19-16.29.39:923][  0]LogTemp:Display: Loaded TP WindowsClientTargetPlatform
[2017.06.19-16.29.39:984][  0]LogTemp:Display: Loaded TP WindowsNoEditorTargetPlatform
[2017.06.19-16.29.40:058][  0]LogTemp:Display: Loaded TP WindowsServerTargetPlatform
[2017.06.19-16.29.40:102][  0]LogTemp:Display: Loaded TP WindowsTargetPlatform
[2017.06.19-16.29.40:222][  0]LogTemp:Display: Loaded TP AndroidTargetPlatform
[2017.06.19-16.29.40:298][  0]LogTemp:Display: Loaded TP Android_ASTCTargetPlatform
[2017.06.19-16.29.40:436][  0]LogTemp:Display: Loaded TP Android_ATCTargetPlatform
[2017.06.19-16.29.40:517][  0]LogTemp:Display: Loaded TP Android_DXTTargetPlatform
[2017.06.19-16.29.40:570][  0]LogTemp:Display: Loaded TP Android_ETC1TargetPlatform
[2017.06.19-16.29.40:618][  0]LogTemp:Display: Loaded TP Android_ETC2TargetPlatform
[2017.06.19-16.29.40:761][  0]LogTemp:Display: Loaded TP Android_MultiTargetPlatform
[2017.06.19-16.29.40:761][  0]LogTemp:Display: Loaded TP Android_PVRTCTargetPlatform
[2017.06.19-16.29.40:839][  0]LogTemp:Display: Loaded TP HTML5TargetPlatform
[2017.06.19-16.29.41:067][  0]LogTemp:Display: Loaded TP IOSTargetPlatform
[2017.06.19-16.29.41:098][  0]LogTemp:Display: Loaded TP TVOSTargetPlatform
[2017.06.19-16.29.41:168][  0]LogTemp:Display: Loaded TP LinuxClientTargetPlatform
[2017.06.19-16.29.41:221][  0]LogTemp:Display: Loaded TP LinuxNoEditorTargetPlatform
[2017.06.19-16.29.41:299][  0]LogTemp:Display: Loaded TP LinuxServerTargetPlatform
[2017.06.19-16.29.41:356][  0]LogTemp:Display: Loaded TP LinuxTargetPlatform
[2017.06.19-16.29.41:356][  0]LogTargetPlatformManager:Display: Building Assets For Windows
[2017.06.19-16.29.42:677][  0]LogDerivedDataCache:Display: Max Cache Size: 512 MB
[2017.06.19-16.29.43:292][  0]LogDerivedDataCache: Loaded boot cache 0.59s 90MB C:/Users/NekoSupu/AppData/Local/UnrealEngine/4.16/DerivedDataCache/Boot.ddc.
[2017.06.19-16.29.43:292][  0]LogDerivedDataCache:Display: Loaded Boot cache: C:/Users/NekoSupu/AppData/Local/UnrealEngine/4.16/DerivedDataCache/Boot.ddc
[2017.06.19-16.29.43:292][  0]LogDerivedDataCache: FDerivedDataBackendGraph:  Pak pak cache file ../../../../../../Users/NekoSupu/Documents/UE4 Projects/w2DGameMeme/DerivedDataCache/DDC.ddp not found, will not use a pak cache.
[2017.06.19-16.29.43:293][  0]LogDerivedDataCache: Unable to find inner node Pak for hierarchical cache Hierarchy.
[2017.06.19-16.29.43:293][  0]LogDerivedDataCache: FDerivedDataBackendGraph:  CompressedPak pak cache file ../../../../../../Users/NekoSupu/Documents/UE4 Projects/w2DGameMeme/DerivedDataCache/Compressed.ddp not found, will not use a pak cache.
[2017.06.19-16.29.43:293][  0]LogDerivedDataCache: Unable to find inner node CompressedPak for hierarchical cache Hierarchy.
[2017.06.19-16.29.43:361][  0]LogDerivedDataCache:Display: Pak cache opened for reading ../../../Engine/DerivedDataCache/Compressed.ddp.
[2017.06.19-16.29.43:394][  0]LogDerivedDataCache: Using Local data cache path C:/Users/NekoSupu/AppData/Local/UnrealEngine/Common/DerivedDataCache: Writable
[2017.06.19-16.29.43:444][  0]LogMaterial: Verifying Global Shaders for PCD3D_SM5
[2017.06.19-16.29.43:487][  0]LogSlate: Using Freetype 2.6.0
[2017.06.19-16.29.43:615][  0]LogSlate: SlateFontCache - WITH_FREETYPE: 1, WITH_HARFBUZZ: 1
[2017.06.19-16.29.43:615][  0]LogSlate: SlateFontCache - WITH_FREETYPE: 1, WITH_HARFBUZZ: 1
[2017.06.19-16.29.55:379][  0]LogInit: Selected Device Profile: [Windows]
[2017.06.19-16.29.58:119][  0]LogContentStreaming: Texture pool size is 0.00 MB
[2017.06.19-16.29.58:833][  0]LogMeshUtilities: Using QuadricMeshReduction for automatic static mesh reduction
[2017.06.19-16.29.58:989][  0]LogSimplygon: Simplygon DLL not present - disabling.
[2017.06.19-16.29.59:327][  0]LogMeshUtilities: Using SimplygonSwarm for distributed automatic mesh merging
[2017.06.19-16.29.59:327][  0]LogMeshUtilities: No automatic skeletal mesh reduction module available
[2017.06.19-16.29.59:327][  0]LogMeshUtilities: No automatic mesh merging module available
[2017.06.19-16.30.06:793][  0]LogNetVersion: w2DGameMeme , NetCL: 3452394, EngineNetVer: 2, GameNetVer: 0 (Checksum: 1740968487)
[2017.06.19-16.30.07:099][  0]LogAssetRegistry: FAssetRegistry took 0.0465 seconds to start up
[2017.06.19-16.30.07:532][  0]LogPackageLocalizationCache: Processed 4 localized package path(s) for 2 prioritized culture(s) in 0.105187 seconds
[2017.06.19-16.30.07:537][  0]LogUObjectArray: 34194 objects as part of root set at end of initial load.
[2017.06.19-16.30.07:538][  0]LogUObjectAllocator: 7260424 out of 0 bytes used by permanent object pool.
[2017.06.19-16.30.07:538][  0]LogUObjectArray: CloseDisregardForGC: 0/0 objects in disregard for GC pool
[2017.06.19-16.30.07:618][  0]LogInit: WinSock: version 1.1 (2.2), MaxSocks=32767, MaxUdp=65467
[2017.06.19-16.30.43:875][  0]LogLinker:Warning: Failed to read package file summary, the file "../../../../../../Users/NekoSupu/Documents/UE4 Projects/w2DGameMeme/Content/Art/Sprites/Ninjameme/NinjaMemers_Sprite_24.uasset" is too small (0 bytes, expected at least 32 bytes)
[2017.06.19-16.30.44:468][  0]LogTcpMessaging: Initializing TcpMessaging bridge
[2017.06.19-16.30.44:588][  0]LogUdpMessaging: Initializing bridge on interface 0.0.0.0:0 to multicast group 230.0.0.1:6666.
[2017.06.19-16.30.46:015][  0]LogMaterial: Uniform references updated for custom material expression Custom.
[2017.06.19-16.30.46:649][  0]SourceControl: Info Source control is disabled
[2017.06.19-16.30.46:675][  0]SourceControl: Info Source control is disabled
[2017.06.19-16.30.46:769][  0]SourceControl: Info Source control is disabled
[2017.06.19-16.30.46:853][  0]SourceControl: Info Source control is disabled
[2017.06.19-16.30.48:815][  0]LogAndroidPermission: UAndroidPermissionCallbackProxy::GetInstance
[2017.06.19-16.30.49:850][  0]LogEngine: Initializing Engine...
[2017.06.19-16.30.49:871][  0]LogHMD: Failed to initialize OpenVR with code 110
[2017.06.19-16.30.50:170][  0]LogStats: UGameplayTagsManager::ConstructGameplayTagTree: Construct from data asset -  0.000 s
[2017.06.19-16.30.50:170][  0]LogStats: UGameplayTagsManager::ConstructGameplayTagTree: GameplayTagTreeChangedEvent.Broadcast -  0.000 s
[2017.06.19-16.30.50:643][  0]LogAIModule: Creating AISystem for world Untitled
[2017.06.19-16.30.50:742][  0]LogInit: XAudio2 using 'Speakers (2- USB Audio Device)' : 2 channels at 44.1 kHz using 16 bits per sample (channel mask 0x3)
[2017.06.19-16.30.50:752][  0]LogInit: FAudioDevice initialized.
[2017.06.19-16.30.50:795][  0]LogDerivedDataCache: Saved boot cache 0.04s 90MB C:/Users/NekoSupu/AppData/Local/UnrealEngine/4.16/DerivedDataCache/Boot.ddc.
[2017.06.19-16.30.50:807][  0]LogInit: Texture streaming: Enabled
[2017.06.19-16.30.50:946][  0]LogEngineSessionManager: EngineSessionManager initialized
[2017.06.19-16.30.51:506][  0]LogInit: Transaction tracking system initialized
[2017.06.19-16.30.52:083][  0]BlueprintLog: New page: Editor Load
[2017.06.19-16.30.54:148][  0]LocalizationService: Info Localization service is disabled
[2017.06.19-16.30.55:330][  0]LogConsoleResponse:Display: 
[2017.06.19-16.30.56:782][  0]LogFileCache: Scanning file cache for directory 'C:/Users/NekoSupu/Documents/UE4 Projects/w2DGameMeme/Content/' took 0.02s
[2017.06.19-16.30.56:782][  0]LogCook:Display: Max memory allowance for cook 16384mb min free memory 0mb
[2017.06.19-16.30.56:782][  0]LogCook:Display: Mobile HDR setting 1
[2017.06.19-16.31.00:670][  0]SourceControl: Info Source control is disabled
[2017.06.19-16.31.00:717][  0]Cmd: MAP LOAD FILE="../../../../../../Users/NekoSupu/Documents/UE4 Projects/w2DGameMeme/Content/Map/Main.umap" TEMPLATE=0 SHOWPROGRESS=1 FEATURELEVEL=3
[2017.06.19-16.31.00:730][  0]LightingResults: New page: Lighting Build
[2017.06.19-16.31.00:933][  0]MapCheck: New page: Map Check
[2017.06.19-16.31.00:933][  0]LightingResults: New page: Lighting Build
[2017.06.19-16.31.02:581][  0]LogTexture:Display: Building textures: arrowspawner (BGRA8, 2X7)
[2017.06.19-16.31.02:594][  0]LogTexture:Display: Building textures: arrow (BGRA8, 9X3)
[2017.06.19-16.31.02:666][  0]LogTexture:Display: Building textures: SpriteSheet (AutoDXT, 128X128)
[2017.06.19-16.31.02:678][  0]LogTexture:Display: Building textures: Player (BGRA8, 32X32)
[2017.06.19-16.31.02:746][  0]LogTexture:Display: Building textures: Dust (BGRA8, 8X8)
[2017.06.19-16.31.02:759][  0]LogMaterial: Missing cached shader map for material DustM, compiling. 
[2017.06.19-16.31.02:860][  0]LogTexture:Display: Building textures: NinjaMemers (BGRA8, 320X64)
[2017.06.19-16.31.02:946][  0]LogTexture:Display: Building textures: EnemyMemers (BGRA8, 320X64)
[2017.06.19-16.31.02:970][  0]LogMaterial: Missing cached shader map for material mPowerGem, compiling. 
[2017.06.19-16.31.02:996][  0]LogTexture:Display: Building textures: Gem (BGRA8, 13X13)
[2017.06.19-16.31.03:000][  0]LogMaterial: Missing cached shader map for material mScoreGems2, compiling. 
[2017.06.19-16.31.03:020][  0]LogTexture:Display: Building textures: Porjectile (BGRA8, 5X4)
[2017.06.19-16.31.03:188][  0]LogMaterial: Missing cached shader map for material mArrow, compiling. 
[2017.06.19-16.31.03:208][  0]LogTexture:Display: Building textures: ring (BGRA8, 13X13)
[2017.06.19-16.31.03:210][  0]LogMaterial: Missing cached shader map for material mScoreGems, compiling. 
[2017.06.19-16.31.03:231][  0]LogAIModule: Creating AISystem for world Main
[2017.06.19-16.31.03:582][  0]LogEditorServer: Finished looking for orphan Actors (0.000 secs)
[2017.06.19-16.31.03:669][  0]Cmd: MAP CHECKDEP NOCLEARLOG
[2017.06.19-16.31.03:766][  0]MapCheck: Info Map check complete: 0 Error(s), 0 Warning(s), took 96.771ms to complete.
[2017.06.19-16.31.03:766][  0]LogFileHelpers: Loading map 'Main' took 3.058
[2017.06.19-16.31.05:225][  0]LogCollectionManager: Loaded 0 collections in 0.001675 seconds
[2017.06.19-16.31.05:434][  0]LogFileCache: Scanning file cache for directory 'C:/Users/NekoSupu/Documents/UE4 Projects/w2DGameMeme/Saved/Collections/' took 0.01s
[2017.06.19-16.31.05:434][  0]LogFileCache: Scanning file cache for directory 'C:/Users/NekoSupu/Documents/UE4 Projects/w2DGameMeme/Content/Developers/NekoSupu/Collections/' took 0.01s
[2017.06.19-16.31.05:434][  0]LogFileCache: Scanning file cache for directory 'C:/Users/NekoSupu/Documents/UE4 Projects/w2DGameMeme/Content/Collections/' took 0.01s
[2017.06.19-16.31.05:434][  0]LogCollectionManager: Rebuilt the GUID cache for 0 collections in 0.000002 seconds
[2017.06.19-16.31.05:446][  0]LogContentBrowser: Native class hierarchy populated in 0.0098 seconds. Added 2329 classes and 491 folders.
[2017.06.19-16.31.05:565][  0]LogContentBrowser: Native class hierarchy updated for 'WidgetCarousel' in 0.0006 seconds. Added 0 classes and 0 folders.
[2017.06.19-16.31.06:855][  0]LogContentBrowser: Native class hierarchy updated for 'AddContentDialog' in 0.0006 seconds. Added 0 classes and 0 folders.
[2017.06.19-16.31.06:969][  0]LogContentBrowser: Native class hierarchy updated for 'SceneOutliner' in 0.0006 seconds. Added 1 classes and 2 folders.
[2017.06.19-16.31.07:305][  0]LogCrashTracker: Crashtracker disabled due to settings.
[2017.06.19-16.31.07:419][  0]LogSlate: Took 0.017906 seconds to synchronously load lazily loaded font '../../../Engine/Content/Slate/Fonts/Roboto-Regular.ttf' (155K)
[2017.06.19-16.31.07:432][  0]LogSlate: Took 0.010567 seconds to synchronously load lazily loaded font '../../../Engine/Content/Slate/Fonts/Roboto-Bold.ttf' (160K)
[2017.06.19-16.31.07:488][  0]LogSlate: Took 0.018837 seconds to synchronously load lazily loaded font '../../../Engine/Content/Editor/Slate/Fonts/FontAwesome.ttf' (139K)
[2017.06.19-16.31.07:941][  0]LogRenderer: Reallocating scene render targets to support 1208x576 NumSamples 1 (Frame:1).
[2017.06.19-16.31.08:714][  0]LogUObjectGlobals:Warning: Failed to find object 'Class None.'
[2017.06.19-16.31.08:845][  0]LogContentBrowser: Native class hierarchy updated for 'HierarchicalLODOutliner' in 0.0006 seconds. Added 1 classes and 2 folders.
[2017.06.19-16.31.08:845][  0]LogLoad: (Engine Initialization) Total time: 117.24 seconds
[2017.06.19-16.31.08:845][  0]LogLoad: (Engine Initialization) Total Blueprint compile time: 0.92 seconds
[2017.06.19-16.31.08:845][  0]LogExternalProfiler: No external profilers were discovered.  External profiling features will not be available.
[2017.06.19-16.31.09:222][  0]LogOcInput: OculusInput pre-init called
[2017.06.19-16.31.09:222][  0]LogHMD: Starting GearVRController plugin
[2017.06.19-16.31.09:306][  0]LogContentStreaming: Texture pool size now 1000 MB
[2017.06.19-16.31.09:448][  0]LogSlate: Took 0.016007 seconds to synchronously load lazily loaded font '../../../Engine/Content/Slate/Fonts/Roboto-Light.ttf' (159K)
[2017.06.19-16.31.09:872][  2]LogAssetRegistry: Asset discovery search completed in 62.7968 seconds
[2017.06.19-16.31.09:874][  2]LogCollectionManager: Rebuilt the object cache for 0 collections in 0.000001 seconds (found 0 objects)
[2017.06.19-16.31.09:874][  2]LogCollectionManager: Fixed up redirectors for 0 collections in 0.000041 seconds (updated 0 objects)
[2017.06.19-16.31.16:556][499]LogTemp: Repeting last play command: Selected Viewport
[2017.06.19-16.31.16:609][499]LogLinker:Warning: Failed to read package file summary, the file "../../../../../../Users/NekoSupu/Documents/UE4 Projects/w2DGameMeme/Content/Art/Sprites/Ninjameme/NinjaMemers_Sprite_24.uasset" is too small (0 bytes, expected at least 32 bytes)
[2017.06.19-16.31.16:632][499]LogPlayLevel: PlayLevel: No blueprints needed recompiling
[2017.06.19-16.31.16:659][499]PIE: New page: PIE session: Main (19 Jun 2017 18:31:16)
[2017.06.19-16.31.16:670][499]LogPlayLevel: Creating play world package: /Game/Map/UEDPIE_0_Main
[2017.06.19-16.31.16:695][499]LogPlayLevel: PIE: StaticDuplicateObject took: (0.024732s)
[2017.06.19-16.31.16:695][499]LogAIModule: Creating AISystem for world Main
[2017.06.19-16.31.16:695][499]LogPlayLevel: PIE: World Init took: (0.000539s)
[2017.06.19-16.31.16:695][499]LogPlayLevel: PIE: Created PIE world by copying editor world from /Game/Map/Main.Main to /Game/Map/UEDPIE_0_Main.Main (0.035992s)
[2017.06.19-16.31.16:709][499]LogInit: XAudio2 using 'Speakers (2- USB Audio Device)' : 2 channels at 44.1 kHz using 16 bits per sample (channel mask 0x3)
[2017.06.19-16.31.16:715][499]LogInit: FAudioDevice initialized.
[2017.06.19-16.31.16:759][499]LogLoad: Game class is 'GameControllerBP_C'
[2017.06.19-16.31.16:795][499]LogWorld: Bringing World /Game/Map/UEDPIE_0_Main.Main up for play (max tick rate 0) at 2017.06.19-17.31.16
[2017.06.19-16.31.16:811][499]LogWorld: Bringing up level for play took: 0.018730
[2017.06.19-16.31.16:938][499]LogContentBrowser: Native class hierarchy updated for 'MovieSceneCapture' in 0.0006 seconds. Added 11 classes and 0 folders.
[2017.06.19-16.31.16:987][499]PIE: Info Play in editor start time for /Game/Map/UEDPIE_0_Main 0.682
[2017.06.19-16.31.19:274][758]Cmd: LevelEditor.ToggleImmersive
[2017.06.19-16.31.19:461][759]LogRenderer: Reallocating scene render targets to support 1736x920 NumSamples 1 (Frame:261).
[2017.06.19-16.31.19:519][760]LogRenderer: Reallocating scene render targets to support 1920x1040 NumSamples 1 (Frame:263).
[2017.06.19-16.31.43:741][662]LogCharacterMovement: PlayerBp_C_0 is stuck and failed to move! Velocity: X=317.41 Y=0.00 Z=0.00 Location: X=175.96 Y=0.00 Z=-372.74 Normal: X=-0.00 Y=0.00 Z=1.00 PenetrationDepth:0.062 Actor:SpriteSheet_TileMap_2 Component:RenderComponent BoneName:None (0 other events since notify)
[2017.06.19-16.32.49:263][451]LogEditorViewport: Clicking on Actor (LMB): bp_Enemy_C (fEnemyRunning)
[2017.06.19-16.32.51:288][632]LogEditorViewport: Clicking on Actor (LMB): bp_Enemy_C (fEnemyRunning)
[2017.06.19-16.33.02:803][951]LogSlate: Took 0.000637 seconds to synchronously load lazily loaded font '../../../Engine/Content/Slate/Fonts/Roboto-Light.ttf' (159K)
[2017.06.19-16.33.03:386][951]LogContentBrowser: Native class hierarchy updated for 'BlueprintGraph' in 0.0010 seconds. Added 112 classes and 0 folders.
[2017.06.19-16.33.04:252][951]LogSlate: Took 0.000164 seconds to synchronously load lazily loaded font '../../../Engine/Content/Slate/Fonts/Roboto-Regular.ttf' (155K)
[2017.06.19-16.33.04:545][951]LogSlate: Took 0.012671 seconds to synchronously load lazily loaded font '../../../Engine/Content/Editor/Slate/Fonts/Roboto-BoldCondensed.ttf' (158K)
[2017.06.19-16.33.04:954][952]LogSlate: Took 0.015889 seconds to synchronously load lazily loaded font '../../../Engine/Content/Editor/Slate/Fonts/Roboto-Italic.ttf' (157K)
[2017.06.19-16.33.21:752][809]LogSlate: Took 0.000177 seconds to synchronously load lazily loaded font '../../../Engine/Content/Slate/Fonts/Roboto-Light.ttf' (159K)
[2017.06.19-16.33.30:525][756]BlueprintLog: New page: Compile bp_Enemy
[2017.06.19-16.33.31:487][838]LogTemp: Repeting last play command: Selected Viewport
[2017.06.19-16.33.31:510][838]LogPlayLevel: PlayLevel: No blueprints needed recompiling
[2017.06.19-16.33.31:510][838]PIE: New page: PIE session: Main (19 Jun 2017 18:33:31)
[2017.06.19-16.33.31:510][838]LogPlayLevel: Creating play world package: /Game/Map/UEDPIE_0_Main
[2017.06.19-16.33.31:515][838]LogPlayLevel: PIE: StaticDuplicateObject took: (0.004436s)
[2017.06.19-16.33.31:515][838]LogAIModule: Creating AISystem for world Main
[2017.06.19-16.33.31:515][838]LogPlayLevel: PIE: World Init took: (0.000612s)
[2017.06.19-16.33.31:516][838]LogPlayLevel: PIE: Created PIE world by copying editor world from /Game/Map/Main.Main to /Game/Map/UEDPIE_0_Main.Main (0.005243s)
[2017.06.19-16.33.31:534][838]LogInit: XAudio2 using 'Speakers (2- USB Audio Device)' : 2 channels at 44.1 kHz using 16 bits per sample (channel mask 0x3)
[2017.06.19-16.33.31:540][838]LogInit: FAudioDevice initialized.
[2017.06.19-16.33.31:593][838]LogLoad: Game class is 'GameControllerBP_C'
[2017.06.19-16.33.31:598][838]LogWorld: Bringing World /Game/Map/UEDPIE_0_Main.Main up for play (max tick rate 0) at 2017.06.19-17.33.31
[2017.06.19-16.33.31:599][838]LogWorld: Bringing up level for play took: 0.004499
[2017.06.19-16.33.31:603][838]PIE: Info Play in editor start time for /Game/Map/UEDPIE_0_Main -0.703
[2017.06.19-16.34.02:111][494]LogCharacterMovement: PlayerBp_C_0 is stuck and failed to move! Velocity: X=-600.00 Y=0.00 Z=0.00 Location: X=625.25 Y=0.00 Z=-486.88 Normal: X=0.06 Y=0.00 Z=1.00 PenetrationDepth:0.125 Actor:SpriteSheet_TileMap_2 Component:RenderComponent BoneName:None (0 other events since notify)
[2017.06.19-16.34.14:413][942]Cmd: SELECT NONE
[2017.06.19-16.34.17:480][290]LogUProjectInfo: Found projects:
[2017.06.19-16.34.26:301][126]Cmd: QUIT_EDITOR
[2017.06.19-16.34.27:048][126]LogWindowsTextInputMethodSystem:Display: IME system now deactivated.
[2017.06.19-16.34.27:075][126]LogExit: Preparing to exit.
[2017.06.19-16.34.27:805][126]LogDirectoryWatcher: A directory notification for 'C:/Users/NekoSupu/Documents/UE4 Projects/w2DGameMeme/Content/' was aborted.
[2017.06.19-16.34.27:843][126]LogExit: Editor shut down
[2017.06.19-16.34.27:846][126]LogExit: Transaction tracking system shut down
[2017.06.19-16.34.28:222][126]LogObj: Freed 0b from 0 cluster array pools.
[2017.06.19-16.34.28:222][126]LogExit: Object subsystem successfully closed.
[2017.06.19-16.34.28:282][126]LogD3D11RHI: Shutdown
[2017.06.19-16.34.28:282][126]LogD3D11RHI: CleanupD3DDevice
[2017.06.19-16.34.28:357][126]LogD3D11RHI: ~FD3D11DynamicRHI
[2017.06.19-16.34.28:538][126]LogModuleManager: Shutting down and abandoning module BlueprintGraph (530)
[2017.06.19-16.34.28:538][126]LogModuleManager: Shutting down and abandoning module BlueprintProfiler (528)
[2017.06.19-16.34.28:543][126]LogModuleManager: Shutting down and abandoning module MovieSceneCapture (526)
[2017.06.19-16.34.28:543][126]LogModuleManager: Shutting down and abandoning module HierarchicalLODOutliner (524)
[2017.06.19-16.34.28:543][126]LogModuleManager: Shutting down and abandoning module CrashTracker (522)
[2017.06.19-16.34.28:543][126]LogModuleManager: Shutting down and abandoning module SceneOutliner (520)
[2017.06.19-16.34.28:543][126]LogModuleManager: Shutting down and abandoning module AddContentDialog (518)
[2017.06.19-16.34.28:550][126]LogDirectoryWatcher: A directory notification for 'C:/Program Files/Epic Games/UE_4.16/FeaturePacks/' was aborted.
[2017.06.19-16.34.28:550][126]LogModuleManager: Shutting down and abandoning module WidgetCarousel (517)
[2017.06.19-16.34.28:550][126]LogModuleManager: Shutting down and abandoning module EditorWidgets (514)
[2017.06.19-16.34.28:550][126]LogModuleManager: Shutting down and abandoning module CollectionManager (512)
[2017.06.19-16.34.28:551][126]LogDirectoryWatcher: A directory notification for 'C:/Users/NekoSupu/Documents/UE4 Projects/w2DGameMeme/Content/Collections/' was aborted.
[2017.06.19-16.34.28:551][126]LogDirectoryWatcher: A directory notification for 'C:/Users/NekoSupu/Documents/UE4 Projects/w2DGameMeme/Content/Developers/NekoSupu/Collections/' was aborted.
[2017.06.19-16.34.28:551][126]LogDirectoryWatcher: A directory notification for 'C:/Users/NekoSupu/Documents/UE4 Projects/w2DGameMeme/Saved/Collections/' was aborted.
[2017.06.19-16.34.28:551][126]LogModuleManager: Shutting down and abandoning module StatsViewer (510)
[2017.06.19-16.34.28:551][126]LogModuleManager: Shutting down and abandoning module FoliageEdit (508)
[2017.06.19-16.34.28:551][126]LogModuleManager: Shutting down and abandoning module LandscapeEditor (506)
[2017.06.19-16.34.28:559][126]LogModuleManager: Shutting down and abandoning module MeshPaintMode (504)
[2017.06.19-16.34.28:559][126]LogModuleManager: Shutting down and abandoning module SceneDepthPickerMode (502)
[2017.06.19-16.34.28:559][126]LogModuleManager: Shutting down and abandoning module ActorPickerMode (500)
[2017.06.19-16.34.28:559][126]LogModuleManager: Shutting down and abandoning module GeometryMode (498)
[2017.06.19-16.34.28:559][126]LogModuleManager: Shutting down and abandoning module TextureAlignMode (496)
[2017.06.19-16.34.28:559][126]LogModuleManager: Shutting down and abandoning module BspMode (494)
[2017.06.19-16.34.28:559][126]LogModuleManager: Shutting down and abandoning module HardwareSurvey (492)
[2017.06.19-16.34.28:559][126]LogModuleManager: Shutting down and abandoning module SequenceRecorderSections (490)
[2017.06.19-16.34.28:559][126]LogModuleManager: Shutting down and abandoning module AutomationWorker (488)
[2017.06.19-16.34.28:559][126]LogModuleManager: Shutting down and abandoning module MatineeToLevelSequence (486)
[2017.06.19-16.34.28:559][126]LogModuleManager: Shutting down and abandoning module LevelSequenceEditor (484)
[2017.06.19-16.34.28:579][126]LogModuleManager: Shutting down and abandoning module PlacementMode (483)
[2017.06.19-16.34.28:579][126]LogModuleManager: Shutting down and abandoning module WmfMediaFactory (480)
[2017.06.19-16.34.28:579][126]LogModuleManager: Shutting down and abandoning module WmfMediaEditor (478)
[2017.06.19-16.34.28:579][126]LogModuleManager: Shutting down and abandoning module AvfMediaFactory (476)
[2017.06.19-16.34.28:579][126]LogModuleManager: Shutting down and abandoning module AvfMediaEditor (474)
[2017.06.19-16.34.28:579][126]LogModuleManager: Shutting down and abandoning module AndroidMediaFactory (472)
[2017.06.19-16.34.28:579][126]LogModuleManager: Shutting down and abandoning module Media (471)
[2017.06.19-16.34.28:579][126]LogModuleManager: Shutting down and abandoning module AndroidMediaEditor (468)
[2017.06.19-16.34.28:579][126]LogModuleManager: Shutting down and abandoning module CharacterAI (466)
[2017.06.19-16.34.28:579][126]LogModuleManager: Shutting down and abandoning module AudioCapture (464)
[2017.06.19-16.34.28:579][126]LogModuleManager: Shutting down and abandoning module SequenceRecorder (463)
[2017.06.19-16.34.28:579][126]LogModuleManager: Shutting down and abandoning module SmartSnapping (460)
[2017.06.19-16.34.28:579][126]LogModuleManager: Shutting down and abandoning module SessionServices (458)
[2017.06.19-16.34.28:579][126]LogModuleManager: Shutting down and abandoning module ViewportSnapping (456)
[2017.06.19-16.34.28:579][126]LogModuleManager: Shutting down and abandoning module ViewportInteraction (454)
[2017.06.19-16.34.28:579][126]LogModuleManager: Shutting down and abandoning module ClothPainter (452)
[2017.06.19-16.34.28:586][126]LogModuleManager: Shutting down and abandoning module LogVisualizer (450)
[2017.06.19-16.34.28:601][126]LogModuleManager: Shutting down and abandoning module IntroTutorials (448)
[2017.06.19-16.34.28:601][126]LogModuleManager: Shutting down and abandoning module GameProjectGeneration (447)
[2017.06.19-16.34.28:601][126]LogModuleManager: Shutting down and abandoning module EditorLiveStreaming (444)
[2017.06.19-16.34.28:601][126]LogModuleManager: Shutting down and abandoning module IOSPlatformEditor (442)
[2017.06.19-16.34.28:615][126]LogModuleManager: Shutting down and abandoning module HTML5PlatformEditor (440)
[2017.06.19-16.34.28:616][126]LogModuleManager: Shutting down and abandoning module AndroidPlatformEditor (438)
[2017.06.19-16.34.28:616][126]LogModuleManager: Shutting down and abandoning module AndroidDeviceDetection (437)
[2017.06.19-16.34.28:727][126]LogModuleManager: Shutting down and abandoning module IOSRuntimeSettings (434)
[2017.06.19-16.34.28:727][126]LogModuleManager: Shutting down and abandoning module AndroidRuntimeSettings (432)
[2017.06.19-16.34.28:727][126]LogModuleManager: Shutting down and abandoning module InputBindingEditor (430)
[2017.06.19-16.34.28:747][126]LogModuleManager: Shutting down and abandoning module MergeActors (428)
[2017.06.19-16.34.28:755][126]LogModuleManager: Shutting down and abandoning module SizeMap (426)
[2017.06.19-16.34.28:755][126]LogModuleManager: Shutting down and abandoning module TreeMap (424)
[2017.06.19-16.34.28:766][126]LogModuleManager: Shutting down and abandoning module ReferenceViewer (422)
[2017.06.19-16.34.28:766][126]LogModuleManager: Shutting down and abandoning module LocalizationDashboard (420)
[2017.06.19-16.34.28:777][126]LogModuleManager: Shutting down and abandoning module LocalizationService (419)
[2017.06.19-16.34.28:777][126]LogModuleManager: Shutting down and abandoning module HardwareTargeting (416)
[2017.06.19-16.34.28:777][126]LogModuleManager: Shutting down and abandoning module DeviceProfileEditor (414)
[2017.06.19-16.34.28:790][126]LogModuleManager: Shutting down and abandoning module UndoHistory (412)
[2017.06.19-16.34.28:790][126]LogModuleManager: Shutting down and abandoning module UserFeedback (410)
[2017.06.19-16.34.28:790][126]LogModuleManager: Shutting down and abandoning module XmlParser (408)
[2017.06.19-16.34.28:790][126]LogModuleManager: Shutting down and abandoning module Blutility (406)
[2017.06.19-16.34.28:790][126]LogModuleManager: Shutting down and abandoning module ProjectSettingsViewer (404)
[2017.06.19-16.34.28:790][126]LogModuleManager: Shutting down and abandoning module ProjectTargetPlatformEditor (403)
[2017.06.19-16.34.28:790][126]LogModuleManager: Shutting down and abandoning module EditorSettingsViewer (400)
[2017.06.19-16.34.28:790][126]LogModuleManager: Shutting down and abandoning module SettingsEditor (398)
[2017.06.19-16.34.28:791][126]LogModuleManager: Shutting down and abandoning module ProjectLauncher (396)
[2017.06.19-16.34.28:806][126]LogModuleManager: Shutting down and abandoning module SessionFrontend (394)
[2017.06.19-16.34.28:813][126]LogModuleManager: Shutting down and abandoning module ProfilerClient (392)
[2017.06.19-16.34.28:830][126]LogModuleManager: Shutting down and abandoning module DeviceManager (390)
[2017.06.19-16.34.28:840][126]LogModuleManager: Shutting down and abandoning module TargetDeviceServices (389)
[2017.06.19-16.34.28:894][126]LogModuleManager: Shutting down and abandoning module AutomationController (386)
[2017.06.19-16.34.28:894][126]LogModuleManager: Shutting down and abandoning module AutomationWindow (384)
[2017.06.19-16.34.28:908][126]LogModuleManager: Shutting down and abandoning module Layers (382)
[2017.06.19-16.34.28:918][126]LogModuleManager: Shutting down and abandoning module ComponentVisualizers (380)
[2017.06.19-16.34.28:918][126]LogModuleManager: Shutting down and abandoning module DetailCustomizations (378)
[2017.06.19-16.34.28:918][126]LogModuleManager: Shutting down and abandoning module PackagesDialog (376)
[2017.06.19-16.34.28:918][126]LogModuleManager: Shutting down and abandoning module Persona (374)
[2017.06.19-16.34.28:925][126]LogModuleManager: Shutting down and abandoning module AdvancedPreviewScene (373)
[2017.06.19-16.34.28:925][126]LogModuleManager: Shutting down and abandoning module AnimGraph (371)
[2017.06.19-16.34.28:925][126]LogModuleManager: Shutting down and abandoning module Kismet (368)
[2017.06.19-16.34.28:931][126]LogModuleManager: Shutting down and abandoning module ClassViewer (366)
[2017.06.19-16.34.28:932][126]LogModuleManager: Shutting down and abandoning module Toolbox (364)
[2017.06.19-16.34.28:932][126]LogModuleManager: Shutting down and abandoning module ModuleUI (362)
[2017.06.19-16.34.28:953][126]LogModuleManager: Shutting down and abandoning module MovieSceneTools (360)
[2017.06.19-16.34.28:954][126]LogModuleManager: Shutting down and abandoning module OutputLog (358)
[2017.06.19-16.34.28:954][126]LogModuleManager: Shutting down and abandoning module GammaUI (356)
[2017.06.19-16.34.28:961][126]LogModuleManager: Shutting down and abandoning module Documentation (354)
[2017.06.19-16.34.28:961][126]LogModuleManager: Shutting down and abandoning module MovieSceneTracks (352)
[2017.06.19-16.34.28:961][126]LogModuleManager: Shutting down and abandoning module MovieScene (350)
[2017.06.19-16.34.28:961][126]LogModuleManager: Shutting down and abandoning module Niagara (348)
[2017.06.19-16.34.28:961][126]LogModuleManager: Shutting down and abandoning module NiagaraEditor (347)
[2017.06.19-16.34.28:976][126]LogModuleManager: Shutting down and abandoning module StreamingPauseRendering (344)
[2017.06.19-16.34.28:976][126]LogModuleManager: Shutting down and abandoning module AnalyticsET (342)
[2017.06.19-16.34.28:976][126]LogModuleManager: Shutting down and abandoning module PortalServices (340)
[2017.06.19-16.34.28:976][126]LogModuleManager: Shutting down and abandoning module PortalRpc (338)
[2017.06.19-16.34.28:976][126]LogModuleManager: Shutting down and abandoning module MessagingRpc (336)
[2017.06.19-16.34.28:976][126]LogModuleManager: Shutting down and abandoning module AIModule (334)
[2017.06.19-16.34.28:976][126]LogModuleManager: Shutting down and abandoning module GameplayDebugger (333)
[2017.06.19-16.34.28:976][126]LogModuleManager: Shutting down and abandoning module AITestSuite (331)
[2017.06.19-16.34.28:976][126]LogModuleManager: Shutting down and abandoning module ProfilerService (328)
[2017.06.19-16.34.29:111][126]LogModuleManager: Shutting down and abandoning module TaskGraph (326)
[2017.06.19-16.34.29:124][126]LogModuleManager: Shutting down and abandoning module SteamVRController (324)
[2017.06.19-16.34.29:125][126]LogModuleManager: Shutting down and abandoning module SteamVR (322)
[2017.06.19-16.34.29:125][126]LogModuleManager: Shutting down and abandoning module ProceduralMeshComponentEditor (320)
[2017.06.19-16.34.29:125][126]LogModuleManager: Shutting down and abandoning module ProceduralMeshComponent (318)
[2017.06.19-16.34.29:125][126]LogModuleManager: Shutting down and abandoning module OculusLibrary (316)
[2017.06.19-16.34.29:125][126]LogModuleManager: Shutting down and abandoning module OculusInput (314)
[2017.06.19-16.34.29:125][126]LogModuleManager: Shutting down and abandoning module MobilePatchingUtils (312)
[2017.06.19-16.34.29:125][126]LogModuleManager: Shutting down and abandoning module CustomMeshComponent (310)
[2017.06.19-16.34.29:125][126]LogModuleManager: Shutting down and abandoning module CableComponent (308)
[2017.06.19-16.34.29:125][126]LogModuleManager: Shutting down and abandoning module ArchVisCharacter (306)
[2017.06.19-16.34.29:125][126]LogModuleManager: Shutting down and abandoning module AndroidPermission (304)
[2017.06.19-16.34.29:125][126]LogModuleManager: Shutting down and abandoning module MediaPlayerEditor (300)
[2017.06.19-16.34.29:135][126]LogModuleManager: Shutting down and abandoning module HTML5Networking (298)
[2017.06.19-16.34.29:135][126]LogModuleManager: Shutting down and abandoning module AlembicImporter (296)
[2017.06.19-16.34.29:147][126]LogModuleManager: Shutting down and abandoning module AlembicLibrary (295)
[2017.06.19-16.34.29:147][126]LogModuleManager: Shutting down and abandoning module GeometryCache (294)
[2017.06.19-16.34.29:147][126]LogModuleManager: Shutting down and abandoning module GeometryCacheEd (293)
[2017.06.19-16.34.29:147][126]LogModuleManager: Shutting down and abandoning module SuperSearchEditor (288)
[2017.06.19-16.34.29:147][126]LogModuleManager: Shutting down and abandoning module SuperSearch (287)
[2017.06.19-16.34.29:147][126]LogModuleManager: Shutting down and abandoning module SpeedTreeImporter (284)
[2017.06.19-16.34.29:147][126]LogModuleManager: Shutting down and abandoning module PluginBrowser (282)
[2017.06.19-16.34.29:147][126]LogModuleManager: Shutting down and abandoning module MobileLauncherProfileWizard (280)
[2017.06.19-16.34.29:147][126]LogModuleManager: Shutting down and abandoning module VisualStudioSourceCodeAccess (278)
[2017.06.19-16.34.29:147][126]LogModuleManager: Shutting down and abandoning module DesktopPlatform (277)
[2017.06.19-16.34.29:147][126]LogModuleManager: Shutting down and abandoning module UObjectPlugin (274)
[2017.06.19-16.34.29:147][126]LogModuleManager: Shutting down and abandoning module SubversionSourceControl (272)
[2017.06.19-16.34.29:147][126]LogModuleManager: Shutting down and abandoning module PerforceSourceControl (270)
[2017.06.19-16.34.29:147][126]LogModuleManager: Shutting down and abandoning module GitSourceControl (268)
[2017.06.19-16.34.29:147][126]LogModuleManager: Shutting down and abandoning module SourceControl (267)
[2017.06.19-16.34.29:147][126]LogModuleManager: Shutting down and abandoning module LightPropagationVolumeEditor (264)
[2017.06.19-16.34.29:147][126]LogModuleManager: Shutting down and abandoning module PaperTiledImporter (262)
[2017.06.19-16.34.29:147][126]LogModuleManager: Shutting down and abandoning module PaperSpriteSheetImporter (260)
[2017.06.19-16.34.29:147][126]LogModuleManager: Shutting down and abandoning module Paper2DEditor (258)
[2017.06.19-16.34.29:148][126]LogModuleManager: Shutting down and abandoning module MeshPaint (257)
[2017.06.19-16.34.29:148][126]LogModuleManager: Shutting down and abandoning module LevelEditor (255)
[2017.06.19-16.34.29:148][126]LogModuleManager: Shutting down and abandoning module PixelInspectorModule (254)
[2017.06.19-16.34.29:148][126]LogModuleManager: Shutting down and abandoning module MainFrame (252)
[2017.06.19-16.34.29:148][126]LogModuleManager: Shutting down and abandoning module HotReload (251)
[2017.06.19-16.34.29:149][126]LogModuleManager: Shutting down and abandoning module PhysXVehiclesEditor (246)
[2017.06.19-16.34.29:149][126]LogModuleManager: Shutting down and abandoning module PhysXVehicles (244)
[2017.06.19-16.34.29:149][126]LogModuleManager: Shutting down and abandoning module LocationServicesBPLibrary (242)
[2017.06.19-16.34.29:149][126]LogModuleManager: Shutting down and abandoning module ImmediatePhysicsEditor (240)
[2017.06.19-16.34.29:149][126]LogModuleManager: Shutting down and abandoning module ImmediatePhysics (238)
[2017.06.19-16.34.29:149][126]LogModuleManager: Shutting down and abandoning module UdpMessaging (236)
[2017.06.19-16.34.29:250][126]LogModuleManager: Shutting down and abandoning module TcpMessaging (234)
[2017.06.19-16.34.29:350][126]LogModuleManager: Shutting down and abandoning module GameplayTagsEditor (232)
[2017.06.19-16.34.29:361][126]LogModuleManager: Shutting down and abandoning module FacialAnimationEditor (230)
[2017.06.19-16.34.29:361][126]LogModuleManager: Shutting down and abandoning module FacialAnimation (228)
[2017.06.19-16.34.29:361][126]LogModuleManager: Shutting down and abandoning module AssetManagerEditor (226)
[2017.06.19-16.34.29:372][126]LogModuleManager: Shutting down and abandoning module GraphEditor (225)
[2017.06.19-16.34.29:372][126]LogModuleManager: Shutting down and abandoning module ContentBrowser (223)
[2017.06.19-16.34.29:374][126]LogModuleManager: Shutting down and abandoning module LightPropagationVolumeRuntime (220)
[2017.06.19-16.34.29:374][126]LogModuleManager: Shutting down and abandoning module Paper2D (218)
[2017.06.19-16.34.29:374][126]LogModuleManager: Shutting down and abandoning module WindowsMoviePlayer (216)
[2017.06.19-16.34.29:374][126]LogModuleManager: Shutting down and abandoning module WmfMedia (214)
[2017.06.19-16.34.29:375][126]LogModuleManager: Shutting down and abandoning module ClothingSystemEditor (212)
[2017.06.19-16.34.29:375][126]LogModuleManager: Shutting down and abandoning module ClothingSystemRuntime (210)
[2017.06.19-16.34.29:395][126]LogModuleManager: Shutting down and abandoning module MediaAssets (208)
[2017.06.19-16.34.29:395][126]LogModuleManager: Shutting down and abandoning module GameLiveStreaming (206)
[2017.06.19-16.34.29:395][126]LogModuleManager: Shutting down and abandoning module VREditor (204)
[2017.06.19-16.34.29:395][126]LogModuleManager: Shutting down and abandoning module StringTableEditor (202)
[2017.06.19-16.34.29:402][126]LogModuleManager: Shutting down and abandoning module GameplayTasksEditor (200)
[2017.06.19-16.34.29:402][126]LogModuleManager: Shutting down and abandoning module BehaviorTreeEditor (198)
[2017.06.19-16.34.29:413][126]LogModuleManager: Shutting down and abandoning module FunctionalTesting (196)
[2017.06.19-16.34.29:413][126]LogModuleManager: Shutting down and abandoning module CollisionAnalyzer (194)
[2017.06.19-16.34.29:417][126]LogModuleManager: Shutting down and abandoning module UMG (192)
[2017.06.19-16.34.29:417][126]LogModuleManager: Shutting down and abandoning module UMGEditor (191)
[2017.06.19-16.34.29:417][126]LogModuleManager: Shutting down and abandoning module Sequencer (190)
[2017.06.19-16.34.29:418][126]LogModuleManager: Shutting down and abandoning module AssetTools (188)
[2017.06.19-16.34.29:431][126]LogModuleManager: Shutting down and abandoning module MessageLog (187)
[2017.06.19-16.34.29:431][126]LogModuleManager: Shutting down and abandoning module WorkspaceMenuStructure (186)
[2017.06.19-16.34.29:431][126]LogModuleManager: Shutting down and abandoning module SlateReflector (180)
[2017.06.19-16.34.29:452][126]LogModuleManager: Shutting down and abandoning module Slate (178)
[2017.06.19-16.34.29:452][126]LogModuleManager: Shutting down and abandoning module EditorStyle (176)
[2017.06.19-16.34.29:454][126]LogModuleManager: Shutting down and abandoning module SourceCodeAccess (174)
[2017.06.19-16.34.29:454][126]LogModuleManager: Shutting down and abandoning module HeadMountedDisplay (172)
[2017.06.19-16.34.29:454][126]LogModuleManager: Shutting down and abandoning module XAudio2 (170)
[2017.06.19-16.34.29:454][126]LogModuleManager: Shutting down and abandoning module Networking (168)
[2017.06.19-16.34.29:454][126]LogModuleManager: Shutting down and abandoning module Core (164)
[2017.06.19-16.34.29:454][126]LogModuleManager: Shutting down and abandoning module AssetRegistry (162)
[2017.06.19-16.34.29:678][126]LogDirectoryWatcher: A directory notification for '../../../Engine/Content/' was aborted.
[2017.06.19-16.34.29:678][126]LogDirectoryWatcher: A directory notification for '../../../../../../Users/NekoSupu/Documents/UE4 Projects/w2DGameMeme/Content/' was aborted.
[2017.06.19-16.34.29:678][126]LogDirectoryWatcher: A directory notification for '../../../Engine/Plugins/2D/Paper2D/Content/' was aborted.
[2017.06.19-16.34.29:678][126]LogDirectoryWatcher: A directory notification for '../../../Engine/Plugins/Runtime/GearVR/Content/' was aborted.
[2017.06.19-16.34.29:680][126]LogModuleManager: Shutting down and abandoning module DirectoryWatcher (161)
[2017.06.19-16.34.29:681][126]LogModuleManager: Shutting down and abandoning module KismetCompiler (158)
[2017.06.19-16.34.29:681][126]LogModuleManager: Shutting down and abandoning module LevelSequence (156)
[2017.06.19-16.34.29:681][126]LogModuleManager: Shutting down and abandoning module PhysXFormats (154)
[2017.06.19-16.34.29:681][126]LogModuleManager: Shutting down and abandoning module MeshUtilities (152)
[2017.06.19-16.34.29:681][126]LogModuleManager: Shutting down and abandoning module SimplygonSwarm (151)
[2017.06.19-16.34.29:681][126]LogModuleManager: Shutting down and abandoning module SimplygonMeshReduction (149)
[2017.06.19-16.34.29:681][126]LogModuleManager: Shutting down and abandoning module QuadricMeshReduction (147)
[2017.06.19-16.34.29:681][126]LogModuleManager: Shutting down and abandoning module DerivedDataCache (144)
[2017.06.19-16.34.29:744][126]LogDerivedDataCache: Shutdown
[2017.06.19-16.34.29:744][126]LogModuleManager: Shutting down and abandoning module TargetPlatform (142)
[2017.06.19-16.34.29:744][126]LogModuleManager: Shutting down and abandoning module VulkanShaderFormat (141)
[2017.06.19-16.34.29:744][126]LogModuleManager: Shutting down and abandoning module ShaderFormatVectorVM (139)
[2017.06.19-16.34.29:752][126]LogModuleManager: Shutting down and abandoning module ShaderFormatOpenGL (137)
[2017.06.19-16.34.29:756][126]LogModuleManager: Shutting down and abandoning module ShaderFormatD3D (135)
[2017.06.19-16.34.29:756][126]LogModuleManager: Shutting down and abandoning module MetalShaderFormat (133)
[2017.06.19-16.34.29:762][126]LogModuleManager: Shutting down and abandoning module TextureFormatUncompressed (131)
[2017.06.19-16.34.29:762][126]LogModuleManager: Shutting down and abandoning module TextureFormatPVR (129)
[2017.06.19-16.34.29:762][126]LogModuleManager: Shutting down and abandoning module TextureFormatDXT (127)
[2017.06.19-16.34.29:762][126]LogModuleManager: Shutting down and abandoning module TextureFormatIntelISPCTexComp (125)
[2017.06.19-16.34.29:762][126]LogModuleManager: Shutting down and abandoning module TextureFormatASTC (123)
[2017.06.19-16.34.29:762][126]LogModuleManager: Shutting down and abandoning module ImageWrapper (122)
[2017.06.19-16.34.29:762][126]LogModuleManager: Shutting down and abandoning module TextureFormatAndroid (119)
[2017.06.19-16.34.29:762][126]LogModuleManager: Shutting down and abandoning module AudioFormatOpus (117)
[2017.06.19-16.34.29:762][126]LogModuleManager: Shutting down and abandoning module AudioFormatOgg (115)
[2017.06.19-16.34.29:762][126]LogModuleManager: Shutting down and abandoning module AudioFormatADPCM (113)
[2017.06.19-16.34.29:762][126]LogModuleManager: Shutting down and abandoning module LinuxTargetPlatform (111)
[2017.06.19-16.34.29:762][126]LogModuleManager: Shutting down and abandoning module LinuxServerTargetPlatform (109)
[2017.06.19-16.34.29:762][126]LogModuleManager: Shutting down and abandoning module LinuxNoEditorTargetPlatform (107)
[2017.06.19-16.34.29:762][126]LogModuleManager: Shutting down and abandoning module LinuxClientTargetPlatform (105)
[2017.06.19-16.34.29:762][126]LogModuleManager: Shutting down and abandoning module TVOSTargetPlatform (103)
[2017.06.19-16.34.29:762][126]LogModuleManager: Shutting down and abandoning module Messaging (101)
[2017.06.19-16.34.29:762][126]LogModuleManager: Shutting down and abandoning module IOSTargetPlatform (99)
[2017.06.19-16.34.29:762][126]LogModuleManager: Shutting down and abandoning module HTML5TargetPlatform (97)
[2017.06.19-16.34.29:762][126]LogModuleManager: Shutting down and abandoning module Android_PVRTCTargetPlatform (95)
[2017.06.19-16.34.29:762][126]LogModuleManager: Shutting down and abandoning module Android_MultiTargetPlatform (93)
[2017.06.19-16.34.29:762][126]LogModuleManager: Shutting down and abandoning module Android_ETC2TargetPlatform (91)
[2017.06.19-16.34.29:763][126]LogModuleManager: Shutting down and abandoning module Android_ETC1TargetPlatform (89)
[2017.06.19-16.34.29:763][126]LogModuleManager: Shutting down and abandoning module Android_DXTTargetPlatform (87)
[2017.06.19-16.34.29:763][126]LogModuleManager: Shutting down and abandoning module Android_ATCTargetPlatform (85)
[2017.06.19-16.34.29:763][126]LogModuleManager: Shutting down and abandoning module Android_ASTCTargetPlatform (83)
[2017.06.19-16.34.29:763][126]LogModuleManager: Shutting down and abandoning module AndroidTargetPlatform (81)
[2017.06.19-16.34.29:763][126]LogModuleManager: Shutting down and abandoning module WindowsTargetPlatform (79)
[2017.06.19-16.34.29:763][126]LogModuleManager: Shutting down and abandoning module WindowsServerTargetPlatform (77)
[2017.06.19-16.34.29:763][126]LogModuleManager: Shutting down and abandoning module WindowsNoEditorTargetPlatform (75)
[2017.06.19-16.34.29:763][126]LogModuleManager: Shutting down and abandoning module WindowsClientTargetPlatform (73)
[2017.06.19-16.34.29:763][126]LogModuleManager: Shutting down and abandoning module MacTargetPlatform (71)
[2017.06.19-16.34.29:763][126]LogModuleManager: Shutting down and abandoning module MacServerTargetPlatform (69)
[2017.06.19-16.34.29:763][126]LogModuleManager: Shutting down and abandoning module MacNoEditorTargetPlatform (67)
[2017.06.19-16.34.29:763][126]LogModuleManager: Shutting down and abandoning module MacClientTargetPlatform (65)
[2017.06.19-16.34.29:763][126]LogModuleManager: Shutting down and abandoning module AllDesktopTargetPlatform (63)
[2017.06.19-16.34.29:763][126]LogModuleManager: Shutting down and abandoning module InputCore (60)
[2017.06.19-16.34.29:763][126]LogModuleManager: Shutting down and abandoning module Settings (58)
[2017.06.19-16.34.29:763][126]LogModuleManager: Shutting down and abandoning module OculusRift (56)
[2017.06.19-16.34.29:763][126]LogModuleManager: Shutting down and abandoning module GearVRController (54)
[2017.06.19-16.34.29:763][126]LogModuleManager: Shutting down and abandoning module GearVR (52)
[2017.06.19-16.34.29:763][126]LogModuleManager: Shutting down and abandoning module ExampleDeviceProfileSelector (50)
[2017.06.19-16.34.29:763][126]LogModuleManager: Shutting down and abandoning module OnlineBlueprintSupport (48)
[2017.06.19-16.34.29:763][126]LogModuleManager: Shutting down and abandoning module OnlineSubsystem (44)
[2017.06.19-16.34.29:763][126]LogOnline:Display: Unloading online subsystem: NULL
[2017.06.19-16.34.29:775][126]LogModuleManager: Shutting down and abandoning module XMPP (43)
[2017.06.19-16.34.29:786][126]LogModuleManager: Shutting down and abandoning module HTTP (41)
[2017.06.19-16.34.29:786][126]LogHttp:Display: Http module shutting down, but needs to wait on 1 outstanding Http requests:
[2017.06.19-16.34.29:786][126]LogHttp:Display: 	verb=[POST] url=[https://datarouter.ol.epicgames.com/datarouter/api/v1/public/data?SessionID=%7B91BEFC20-4A5E-6BB0-2A22-1493C38714BA%7D&AppID=UEEditor.Rocket.Release&AppVersion=4.16.1-3466753%2B%2B%2BUE4%2BRelease-4.16&UserID=648b58b340a03c4271a96f840b7b79d1%7C23d7a90c94e249c581fb5dd23608a6b2%7Ce4af20d8-6f20-4814-bff2-7d2447655fe1&AppEnvironment=datacollector-binary&UploadType=eteventstream] status=Processing
[2017.06.19-16.34.29:813][126]LogModuleManager: Shutting down and abandoning module SSL (40)
[2017.06.19-16.34.29:815][126]LogModuleManager: Shutting down and abandoning module HTTPChunkInstaller (36)
[2017.06.19-16.34.29:823][126]LogModuleManager: Shutting down and abandoning module AnimationModifiers (34)
[2017.06.19-16.34.29:833][126]LogModuleManager: Shutting down and abandoning module PropertyEditor (33)
[2017.06.19-16.34.29:833][126]LogModuleManager: Shutting down and abandoning module AudioEditor (30)
[2017.06.19-16.34.29:837][126]LogModuleManager: Shutting down and abandoning module TextureCompressor (28)
[2017.06.19-16.34.29:837][126]LogModuleManager: Shutting down and abandoning module ShaderCore (26)
[2017.06.19-16.34.29:837][126]LogModuleManager: Shutting down and abandoning module Landscape (24)
[2017.06.19-16.34.29:837][126]LogModuleManager: Shutting down and abandoning module SlateRHIRenderer (22)
[2017.06.19-16.34.29:846][126]LogModuleManager: Shutting down and abandoning module OpenGLDrv (20)
[2017.06.19-16.34.29:855][126]LogModuleManager: Shutting down and abandoning module D3D11RHI (18)
[2017.06.19-16.34.29:855][126]LogModuleManager: Shutting down and abandoning module AnimGraphRuntime (16)
[2017.06.19-16.34.29:855][126]LogModuleManager: Shutting down and abandoning module Renderer (14)
[2017.06.19-16.34.29:855][126]LogModuleManager: Shutting down and abandoning module Engine (12)
[2017.06.19-16.34.29:855][126]LogModuleManager: Shutting down and abandoning module CoreUObject (10)
[2017.06.19-16.34.29:855][126]LogModuleManager: Shutting down and abandoning module NetworkFile (8)
[2017.06.19-16.34.29:855][126]LogModuleManager: Shutting down and abandoning module StreamingFile (6)
[2017.06.19-16.34.29:855][126]LogModuleManager: Shutting down and abandoning module SandboxFile (4)
[2017.06.19-16.34.29:855][126]LogModuleManager: Shutting down and abandoning module PakFile (2)
[2017.06.19-16.34.29:856][126]LogExit: Exiting.
[2017.06.19-16.34.29:873][126]Log file closed, 06/19/17 17:34:29
